
Table cell format is: 'total (min/median/max)'

Object Type                              | Count | Metrics | Properties             | Events | Parents           | Children            
-----------------------------------------+-------+---------+------------------------+--------+-------------------+---------------------
AzureGovAdapter::azure_subscription      | 6     | 0       | 42 (7 /7.0 /7 )        | 0      | 0                 | 526 (14 /82.5 /184 )
AzureGovAdapter::azure_resource_group    | 797   | 0       | 4729 (0 /8 /15 )       | 0      | 526 (0 /1 /1 )    | 15469 (0 /4 /405 )  
AzureGovAdapter::azure_virtual_machine   | 2036  | 0       | 67984 (26 /31.0 /58 )  | 0      | 2036 (1 /1.0 /1 ) | 0                   
AzureGovAdapter::azure_disk              | 8305  | 0       | 184758 (16 /21 /47 )   | 0      | 8305 (1 /1 /1 )   | 0                   
AzureGovAdapter::azure_network_interface | 4650  | 0       | 108482 (18 /23.0 /38 ) | 0      | 4650 (1 /1.0 /1 ) | 0                   
AzureGovAdapter::azure_virtual_network   | 44    | 0       | 552 (9 /12.0 /17 )     | 0      | 44 (1 /1.0 /1 )   | 335 (1 /7.0 /29 )   
AzureGovAdapter::azure_subnet            | 335   | 0       | 2345 (7 /7 /7 )        | 0      | 335 (1 /1 /1 )    | 0                   
AzureGovAdapter::azure_storage_account   | 299   | 0       | 7333 (20 /26 /32 )     | 0      | 299 (1 /1 /1 )    | 0                   
AzureGovAdapter::azure_load_balancer     | 31    | 0       | 601 (15 /19 /25 )      | 0      | 31 (1 /1 /1 )     | 0                   
AzureGovAdapter::azure_key_vault         | 86    | 0       | 1477 (14 /17.0 /34 )   | 0      | 86 (1 /1.0 /1 )   | 0                   
AzureGovAdapter::azure_sql_server        | 12    | 0       | 191 (14 /15.0 /21 )    | 0      | 12 (1 /1.0 /1 )   | 75 (0 /2.0 /24 )    
AzureGovAdapter::azure_sql_database      | 75    | 0       | 1537 (18 /21 /27 )     | 0      | 75 (1 /1 /1 )     | 0                   
AzureGovAdapter::azure_app_service       | 6     | 0       | 134 (19 /22.0 /27 )    | 0      | 6 (1 /1.0 /1 )    | 0                   

Parent Type                            | Child Type                               | Count
---------------------------------------+------------------------------------------+------
AzureGovAdapter::azure_subscription    | AzureGovAdapter::azure_resource_group    | 526  
AzureGovAdapter::azure_resource_group  | AzureGovAdapter::azure_storage_account   | 299  
AzureGovAdapter::azure_resource_group  | AzureGovAdapter::azure_network_interface | 4650 
AzureGovAdapter::azure_resource_group  | AzureGovAdapter::azure_key_vault         | 86   
AzureGovAdapter::azure_resource_group  | AzureGovAdapter::azure_load_balancer     | 31   
AzureGovAdapter::azure_resource_group  | AzureGovAdapter::azure_virtual_network   | 44   
AzureGovAdapter::azure_resource_group  | AzureGovAdapter::azure_virtual_machine   | 2036 
AzureGovAdapter::azure_resource_group  | AzureGovAdapter::azure_disk              | 8305 
AzureGovAdapter::azure_resource_group  | AzureGovAdapter::azure_app_service       | 6    
AzureGovAdapter::azure_resource_group  | AzureGovAdapter::azure_sql_server        | 12   
AzureGovAdapter::azure_virtual_network | AzureGovAdapter::azure_subnet            | 335  
AzureGovAdapter::azure_sql_server      | AzureGovAdapter::azure_sql_database      | 75 