2026-04-14T15:47:21 DEBUG [1359475] - vcopsPakManager.read_arguments:4159 - Input params:
2026-04-14T15:47:21 DEBUG [1359475] - vcopsPakManager.read_arguments:4160 -   - action: "stage"
2026-04-14T15:47:21 DEBUG [1359475] - vcopsPakManager.read_arguments:4161 -   - pakFile: "/storage/db/casa/pak/dist_pak_files/VA_LINUX/AzureGovCloud-150.pak"
2026-04-14T15:47:21 DEBUG [1359475] - vcopsPakManager.read_arguments:4162 -   - locale: "None"
2026-04-14T15:47:21 DEBUG [1359475] - vcopsPakManager.read_arguments:4163 -   - Remove History Action: "None"
2026-04-14T15:47:21 DEBUG [1359475] - vcopsPakManager.read_arguments:4164 -   - Remove Pak Action: False
2026-04-14T15:47:21 DEBUG [1359475] - vcopsPakManager.read_arguments:4165 -   - Skip: False
2026-04-14T15:47:21 DEBUG [1359475] - vcopsPakManager.read_arguments:4166 -   - Force: False
2026-04-14T15:47:21 DEBUG [1359475] - vcopsPakManager.read_arguments:4167 -   - Force content update: None
2026-04-14T15:47:21 DEBUG [1359475] - vcopsPakManager.read_arguments:4168 -   - Results action to update: "None"
2026-04-14T15:47:21 DEBUG [1359475] - vcopsPakManager.read_arguments:4169 -   - Results exit code: None
2026-04-14T15:47:21 DEBUG [1359475] - vcopsPakManager.read_arguments:4170 -   - Results exit message: "None"
2026-04-14T15:47:21 DEBUG [1359475] - vcopsPakManager.read_arguments:4171 -   - Results resource message key: "None"
2026-04-14T15:47:21 DEBUG [1359475] - vcopsPakManager.read_arguments:4172 -   - Results resource args: None
2026-04-14T15:47:21 DEBUG [1359475] - vcopsPakManager.read_arguments:4173 -   - Results resrouce dir: "None"
2026-04-14T15:47:21 DEBUG [1359475] - vcopsPakManager.read_arguments:4178 -   - Auth Token Passed: False
2026-04-14T15:47:21 DEBUG [1359475] - vcopsPakManager.main:4231 - In: stage
2026-04-14T15:47:21 DEBUG [1359475] - vcopsPakManager.returnPakId:789 - Entering return Pak ID for file: "/storage/db/casa/pak/dist_pak_files/VA_LINUX/AzureGovCloud-150.pak"
2026-04-14T15:47:21 DEBUG [1359475] - vcopsPakManager.returnPakId:847 - Setting pak ID to: "AzureGovCloud-150"
2026-04-14T15:47:21 DEBUG [1359475] - vcopsPakManager.returnPakFormat:1754 - Checking pak file: "AzureGovCloud-150" format
2026-04-14T15:47:21 DEBUG [1359475] - vc_ops_logging.logDebug:266 - Locale language code: "en", territory code: "US"
2026-04-14T15:47:21 DEBUG [1359475] - vc_ops_logging.logDebug:266 - Checking resource file: "/storage/db/pakRepoLocal/AzureGovCloud-150/resources/resources_en_US.properties"
2026-04-14T15:47:21 INFO [1359475] - vc_ops_logging.logInfo:271 - Resource file: "/storage/db/pakRepoLocal/AzureGovCloud-150/resources/resources_en_US.properties" does not exist
2026-04-14T15:47:21 DEBUG [1359475] - vc_ops_logging.logDebug:266 - Checking resource file: "/storage/db/pakRepoLocal/AzureGovCloud-150/resources/resources_en.properties"
2026-04-14T15:47:21 INFO [1359475] - vc_ops_logging.logInfo:271 - Resource file: "/storage/db/pakRepoLocal/AzureGovCloud-150/resources/resources_en.properties" does not exist
2026-04-14T15:47:21 DEBUG [1359475] - vc_ops_logging.logDebug:266 - Checking resource file: "/storage/db/pakRepoLocal/AzureGovCloud-150/resources/resources.properties"
2026-04-14T15:47:21 INFO [1359475] - vc_ops_logging.logInfo:271 - Resource file: "/storage/db/pakRepoLocal/AzureGovCloud-150/resources/resources.properties" does not exist
2026-04-14T15:47:21 INFO [1359475] - vcopsPakManager.setupResourceBundle:365 - Failed to load the resource bundle, exception: Failed to find a resource file from list: /storage/db/pakRepoLocal/AzureGovCloud-150/resources/resources_en_US.properties, /storage/db/pakRepoLocal/AzureGovCloud-150/resources/resources_en.properties, /storage/db/pakRepoLocal/AzureGovCloud-150/resources/resources.properties
2026-04-14T15:47:21 DEBUG [1359475] - vc_ops_logging.logDebug:266 - Locale language code: "en", territory code: "US"
2026-04-14T15:47:21 DEBUG [1359475] - vc_ops_logging.logDebug:266 - Checking resource file: "/storage/db/pakRepoLocal/AzureGovCloud-150/resources/resources_en_US.properties"
2026-04-14T15:47:21 INFO [1359475] - vc_ops_logging.logInfo:271 - Resource file: "/storage/db/pakRepoLocal/AzureGovCloud-150/resources/resources_en_US.properties" does not exist
2026-04-14T15:47:21 DEBUG [1359475] - vc_ops_logging.logDebug:266 - Checking resource file: "/storage/db/pakRepoLocal/AzureGovCloud-150/resources/resources_en.properties"
2026-04-14T15:47:21 INFO [1359475] - vc_ops_logging.logInfo:271 - Resource file: "/storage/db/pakRepoLocal/AzureGovCloud-150/resources/resources_en.properties" does not exist
2026-04-14T15:47:21 DEBUG [1359475] - vc_ops_logging.logDebug:266 - Checking resource file: "/storage/db/pakRepoLocal/AzureGovCloud-150/resources/resources.properties"
2026-04-14T15:47:21 INFO [1359475] - vc_ops_logging.logInfo:271 - Resource file: "/storage/db/pakRepoLocal/AzureGovCloud-150/resources/resources.properties" does not exist
2026-04-14T15:47:21 INFO [1359475] - vcopsPakManager.setupResourceBundle:365 - Failed to load the resource bundle, exception: Failed to find a resource file from list: /storage/db/pakRepoLocal/AzureGovCloud-150/resources/resources_en_US.properties, /storage/db/pakRepoLocal/AzureGovCloud-150/resources/resources_en.properties, /storage/db/pakRepoLocal/AzureGovCloud-150/resources/resources.properties
2026-04-14T15:47:21 DEBUG [1359475] - vcopsPakManager.returnPakFormat:1783 - The Pak Repo Extracted Location: "/storage/db/pakRepoLocal/AzureGovCloud-150/extracted" does not exist, assume new format
2026-04-14T15:47:21 DEBUG [1359475] - vc_ops_logging.logDebug:266 - Locale language code: "en", territory code: "US"
2026-04-14T15:47:21 DEBUG [1359475] - vc_ops_logging.logDebug:266 - Checking resource file: "/storage/db/pakRepoLocal/AzureGovCloud-150/resources/resources_en_US.properties"
2026-04-14T15:47:21 INFO [1359475] - vc_ops_logging.logInfo:271 - Resource file: "/storage/db/pakRepoLocal/AzureGovCloud-150/resources/resources_en_US.properties" does not exist
2026-04-14T15:47:21 DEBUG [1359475] - vc_ops_logging.logDebug:266 - Checking resource file: "/storage/db/pakRepoLocal/AzureGovCloud-150/resources/resources_en.properties"
2026-04-14T15:47:21 INFO [1359475] - vc_ops_logging.logInfo:271 - Resource file: "/storage/db/pakRepoLocal/AzureGovCloud-150/resources/resources_en.properties" does not exist
2026-04-14T15:47:21 DEBUG [1359475] - vc_ops_logging.logDebug:266 - Checking resource file: "/storage/db/pakRepoLocal/AzureGovCloud-150/resources/resources.properties"
2026-04-14T15:47:21 INFO [1359475] - vc_ops_logging.logInfo:271 - Resource file: "/storage/db/pakRepoLocal/AzureGovCloud-150/resources/resources.properties" does not exist
2026-04-14T15:47:21 INFO [1359475] - vcopsPakManager.setupResourceBundle:365 - Failed to load the resource bundle, exception: Failed to find a resource file from list: /storage/db/pakRepoLocal/AzureGovCloud-150/resources/resources_en_US.properties, /storage/db/pakRepoLocal/AzureGovCloud-150/resources/resources_en.properties, /storage/db/pakRepoLocal/AzureGovCloud-150/resources/resources.properties
2026-04-14T15:47:21 DEBUG [1359475] - vcopsPakManager.__init__:1700 - Added env variable: 'ALIVE_BASE' = '/usr/lib/vmware-vcops'
2026-04-14T15:47:21 DEBUG [1359475] - vcopsPakManager.__init__:1700 - Added env variable: 'VCOPS_BASE' = '/usr/lib/vmware-vcops'
2026-04-14T15:47:21 DEBUG [1359475] - vcopsPakManager.__init__:1700 - Added env variable: 'GEMFIRE_HOME' = '/usr/lib/vmware-vcops/gemfire'
2026-04-14T15:47:21 DEBUG [1359475] - vcopsPakManager.__init__:1700 - Added env variable: 'JRE_HOME' = '/usr/java/default'
2026-04-14T15:47:21 DEBUG [1359475] - vcopsPakManager.__init__:1700 - Added env variable: 'VCOPS_DATA' = '/data'
2026-04-14T15:47:21 DEBUG [1359475] - vcopsPakManager.__init__:1700 - Added env variable: 'VCOPS_DATA_VCOPS' = '/data/vcops'
2026-04-14T15:47:21 DEBUG [1359475] - vcopsPakManager.__init__:1700 - Added env variable: 'STORAGE' = '/storage'
2026-04-14T15:47:21 DEBUG [1359475] - vcopsPakManager.__init__:1700 - Added env variable: 'STORAGE_LOG_VCOPS' = '/storage/log/vcops'
2026-04-14T15:47:21 DEBUG [1359475] - vcopsPakManager.__init__:1700 - Added env variable: 'STORAGE_DB_VCOPS' = '/storage/db/vcops'
2026-04-14T15:47:21 DEBUG [1359475] - vcopsPakManager.__init__:1700 - Added env variable: 'VMWARE_JAVA_HOME' = '/usr/java/default'
2026-04-14T15:47:21 DEBUG [1359475] - vcopsPakManager.__init__:1700 - Added env variable: 'VMWARE_PYTHON_BIN' = '/usr/bin/python'
2026-04-14T15:47:21 DEBUG [1359475] - vcopsPakManager.__init__:1700 - Added env variable: 'VMWARE_PYTHON_3_BIN' = '/usr/bin/python'
2026-04-14T15:47:21 DEBUG [1359475] - vcopsPakManager.__init__:1700 - Added env variable: 'VMWARE_TCROOT' = '/usr/share/tomcat'
2026-04-14T15:47:21 DEBUG [1359475] - vcopsPakManager.__init__:1700 - Added env variable: 'STORAGE_CORE_VCOPS' = '/storage/core'
2026-04-14T15:47:21 DEBUG [1359475] - vcopsPakManager.__init__:1700 - Added env variable: 'VMWARE_VPOSTGRES_ROOT' = '/opt/vmware/vpostgres/current'
2026-04-14T15:47:21 DEBUG [1359475] - vcopsPakManager.__init__:1700 - Added env variable: 'VCOPS_TEMP' = '/storage/db/tmp'
2026-04-14T15:47:21 DEBUG [1359475] - vcopsPakManager.__init__:1700 - Added env variable: 'VCOPS_USER' = 'admin'
2026-04-14T15:47:21 DEBUG [1359475] - vcopsPakManager.__init__:1700 - Added env variable: 'VCOPS_GROUP' = 'admin'
2026-04-14T15:47:21 DEBUG [1359475] - vcopsPakManager.__init__:1700 - Added env variable: 'PAGER' = 'cat'
2026-04-14T15:47:21 DEBUG [1359475] - vcopsPakManager.__init__:1700 - Added env variable: 'CASSANDRA_CONF' = '/usr/lib/vmware-vcops/user/conf/cassandra'
2026-04-14T15:47:21 DEBUG [1359475] - vcopsPakManager.__init__:1700 - Added env variable: 'PGSSLCERT' = '/storage/vcops/user/conf/ssl/postgres_vcops_cert.pem'
2026-04-14T15:47:21 DEBUG [1359475] - vcopsPakManager.__init__:1700 - Added env variable: 'PGSSLKEY' = '/storage/vcops/user/conf/ssl/postgres_vcops_key.pem'
2026-04-14T15:47:21 DEBUG [1359475] - vcopsPakManager.PreStagePakFile:2762 - Entering stage the Pak file: "AzureGovCloud-150"
2026-04-14T15:47:21 DEBUG [1359475] - vcopsPakManager.VerifyActionNotRunningOrRun:1887 - Entering verify action: stage
2026-04-14T15:47:21 DEBUG [1359475] - vcopsPakManager.VerifyActionNotRunningOrRun:1889 - The result file: "/storage/db/pakRepoLocal/AzureGovCloud-150/AzureGovCloud-150.results" does not exist, the action cannot be running
2026-04-14T15:47:21 DEBUG [1359475] - vcopsPakManager.verifyPakFileExists:1742 - Verify pak file: "/storage/db/casa/pak/dist_pak_files/VA_LINUX/AzureGovCloud-150.pak" exists
2026-04-14T15:47:21 DEBUG [1359475] - vcopsPakManager.verifyPakFileExists:1744 - Pak file: "/storage/db/casa/pak/dist_pak_files/VA_LINUX/AzureGovCloud-150.pak" does exist
2026-04-14T15:47:21 DEBUG [1359475] - vcopsPakManagerCommon.verifyRepoLocalExists:461 - Verifying Pak Repo Local "/storage/db/pakRepoLocal" exists
2026-04-14T15:47:21 DEBUG [1359475] - vcopsPakManagerCommon.verifyRepoLocalExists:463 - Pak Repo Local "/storage/db/pakRepoLocal" does exist
2026-04-14T15:47:21 DEBUG [1359475] - vcopsPakManager.CreatePakRepoLocation:1799 - Create Pak Repo Location: "/storage/db/pakRepoLocal/AzureGovCloud-150"
2026-04-14T15:47:21 DEBUG [1359475] - vcopsPakManager.CreatePakRepoLocation:1812 - Create Pak Log dir: "/storage/log/vcops/log/pakManager/AzureGovCloud-150"
2026-04-14T15:47:21 DEBUG [1359475] - vcopsPakManager.verifySufficientSpace:2635 - Verify there is sufficient space for the pak file: "AzureGovCloud-150" in the local repo: "/storage/db/pakRepoLocal/AzureGovCloud-150"
2026-04-14T15:47:21 DEBUG [1359475] - vcopsPakManagerCommon.ReturnZipFileExtractedSize:322 - Getting the extracted size for the zip file: "/storage/db/casa/pak/dist_pak_files/VA_LINUX/AzureGovCloud-150.pak"
2026-04-14T15:47:21 DEBUG [1359475] - vcopsPakManagerCommon.ReturnZipFileExtractedSize:326 - The file: "manifest.txt" has an extracted size of: 1068
2026-04-14T15:47:21 DEBUG [1359475] - vcopsPakManagerCommon.ReturnZipFileExtractedSize:326 - The file: "icon.png" has an extracted size of: 819
2026-04-14T15:47:21 DEBUG [1359475] - vcopsPakManagerCommon.ReturnZipFileExtractedSize:326 - The file: "eula.txt" has an extracted size of: 1318
2026-04-14T15:47:21 DEBUG [1359475] - vcopsPakManagerCommon.ReturnZipFileExtractedSize:326 - The file: "resources/" has an extracted size of: 0
2026-04-14T15:47:21 DEBUG [1359475] - vcopsPakManagerCommon.ReturnZipFileExtractedSize:326 - The file: "resources/resources.properties" has an extracted size of: 288
2026-04-14T15:47:21 DEBUG [1359475] - vcopsPakManagerCommon.ReturnZipFileExtractedSize:326 - The file: "content/" has an extracted size of: 0
2026-04-14T15:47:21 DEBUG [1359475] - vcopsPakManagerCommon.ReturnZipFileExtractedSize:326 - The file: "content/dashboards/" has an extracted size of: 0
2026-04-14T15:47:21 DEBUG [1359475] - vcopsPakManagerCommon.ReturnZipFileExtractedSize:326 - The file: "content/dashboards/azure/" has an extracted size of: 0
2026-04-14T15:47:21 DEBUG [1359475] - vcopsPakManagerCommon.ReturnZipFileExtractedSize:326 - The file: "content/dashboards/azure/dashboard.json" has an extracted size of: 798788
2026-04-14T15:47:21 DEBUG [1359475] - vcopsPakManagerCommon.ReturnZipFileExtractedSize:326 - The file: "content/dashboards/azure/resources/" has an extracted size of: 0
2026-04-14T15:47:21 DEBUG [1359475] - vcopsPakManagerCommon.ReturnZipFileExtractedSize:326 - The file: "content/dashboards/azure/resources/resources_fr.properties" has an extracted size of: 8891
2026-04-14T15:47:21 DEBUG [1359475] - vcopsPakManagerCommon.ReturnZipFileExtractedSize:326 - The file: "content/dashboards/azure/resources/resources.properties" has an extracted size of: 8077
2026-04-14T15:47:21 DEBUG [1359475] - vcopsPakManagerCommon.ReturnZipFileExtractedSize:326 - The file: "content/dashboards/azure/resources/resources_ko.properties" has an extracted size of: 8519
2026-04-14T15:47:21 DEBUG [1359475] - vcopsPakManagerCommon.ReturnZipFileExtractedSize:326 - The file: "content/dashboards/azure/resources/resources_zh_TW.properties" has an extracted size of: 8045
2026-04-14T15:47:21 DEBUG [1359475] - vcopsPakManagerCommon.ReturnZipFileExtractedSize:326 - The file: "content/dashboards/azure/resources/resources_de.properties" has an extracted size of: 8500
2026-04-14T15:47:21 DEBUG [1359475] - vcopsPakManagerCommon.ReturnZipFileExtractedSize:326 - The file: "content/dashboards/azure/resources/resources_zh_CN.properties" has an extracted size of: 7869
2026-04-14T15:47:21 DEBUG [1359475] - vcopsPakManagerCommon.ReturnZipFileExtractedSize:326 - The file: "content/dashboards/azure/resources/resources_es.properties" has an extracted size of: 8900
2026-04-14T15:47:21 DEBUG [1359475] - vcopsPakManagerCommon.ReturnZipFileExtractedSize:326 - The file: "content/dashboards/azure/resources/resources_ja.properties" has an extracted size of: 9282
2026-04-14T15:47:21 DEBUG [1359475] - vcopsPakManagerCommon.ReturnZipFileExtractedSize:326 - The file: "content/reports/" has an extracted size of: 0
2026-04-14T15:47:21 DEBUG [1359475] - vcopsPakManagerCommon.ReturnZipFileExtractedSize:326 - The file: "content/reports/views/" has an extracted size of: 0
2026-04-14T15:47:21 DEBUG [1359475] - vcopsPakManagerCommon.ReturnZipFileExtractedSize:326 - The file: "content/reports/views/content.xml" has an extracted size of: 42418
2026-04-14T15:47:21 DEBUG [1359475] - vcopsPakManagerCommon.ReturnZipFileExtractedSize:326 - The file: "content/reports/views/resources/" has an extracted size of: 0
2026-04-14T15:47:21 DEBUG [1359475] - vcopsPakManagerCommon.ReturnZipFileExtractedSize:326 - The file: "content/reports/views/resources/content_ko.properties" has an extracted size of: 2859
2026-04-14T15:47:21 DEBUG [1359475] - vcopsPakManagerCommon.ReturnZipFileExtractedSize:326 - The file: "content/reports/views/resources/content.properties" has an extracted size of: 2580
2026-04-14T15:47:21 DEBUG [1359475] - vcopsPakManagerCommon.ReturnZipFileExtractedSize:326 - The file: "content/reports/views/resources/content_zh_TW.properties" has an extracted size of: 2722
2026-04-14T15:47:21 DEBUG [1359475] - vcopsPakManagerCommon.ReturnZipFileExtractedSize:326 - The file: "content/reports/views/resources/content_fr.properties" has an extracted size of: 3051
2026-04-14T15:47:21 DEBUG [1359475] - vcopsPakManagerCommon.ReturnZipFileExtractedSize:326 - The file: "content/reports/views/resources/content_ja.properties" has an extracted size of: 2947
2026-04-14T15:47:21 DEBUG [1359475] - vcopsPakManagerCommon.ReturnZipFileExtractedSize:326 - The file: "content/reports/views/resources/content_es.properties" has an extracted size of: 2985
2026-04-14T15:47:21 DEBUG [1359475] - vcopsPakManagerCommon.ReturnZipFileExtractedSize:326 - The file: "content/reports/views/resources/content_de.properties" has an extracted size of: 2826
2026-04-14T15:47:21 DEBUG [1359475] - vcopsPakManagerCommon.ReturnZipFileExtractedSize:326 - The file: "content/reports/views/resources/content_zh_CN.properties" has an extracted size of: 2699
2026-04-14T15:47:21 DEBUG [1359475] - vcopsPakManagerCommon.ReturnZipFileExtractedSize:326 - The file: "content/regions/" has an extracted size of: 0
2026-04-14T15:47:21 DEBUG [1359475] - vcopsPakManagerCommon.ReturnZipFileExtractedSize:326 - The file: "content/regions/azureregions.json" has an extracted size of: 6163
2026-04-14T15:47:21 DEBUG [1359475] - vcopsPakManagerCommon.ReturnZipFileExtractedSize:326 - The file: "content/traversalSpecs/" has an extracted size of: 0
2026-04-14T15:47:21 DEBUG [1359475] - vcopsPakManagerCommon.ReturnZipFileExtractedSize:326 - The file: "content/traversalSpecs/AzureGovTraversalSpecs.xml" has an extracted size of: 3574
2026-04-14T15:47:21 DEBUG [1359475] - vcopsPakManagerCommon.ReturnZipFileExtractedSize:326 - The file: "content/files/" has an extracted size of: 0
2026-04-14T15:47:21 DEBUG [1359475] - vcopsPakManagerCommon.ReturnZipFileExtractedSize:326 - The file: "content/files/reskndmetric/" has an extracted size of: 0
2026-04-14T15:47:21 DEBUG [1359475] - vcopsPakManagerCommon.ReturnZipFileExtractedSize:326 - The file: "content/files/reskndmetric/AzureGov_All_KPIs.xml" has an extracted size of: 3901
2026-04-14T15:47:21 DEBUG [1359475] - vcopsPakManagerCommon.ReturnZipFileExtractedSize:326 - The file: "content/alertdefs/" has an extracted size of: 0
2026-04-14T15:47:21 DEBUG [1359475] - vcopsPakManagerCommon.ReturnZipFileExtractedSize:326 - The file: "content/alertdefs/AzureGov_Alert_Defs.xml" has an extracted size of: 11619
2026-04-14T15:47:21 DEBUG [1359475] - vcopsPakManagerCommon.ReturnZipFileExtractedSize:326 - The file: "content/resources/" has an extracted size of: 0
2026-04-14T15:47:21 DEBUG [1359475] - vcopsPakManagerCommon.ReturnZipFileExtractedSize:326 - The file: "content/resources/resources_fr.properties" has an extracted size of: 3891
2026-04-14T15:47:21 DEBUG [1359475] - vcopsPakManagerCommon.ReturnZipFileExtractedSize:326 - The file: "content/resources/resources.properties" has an extracted size of: 3062
2026-04-14T15:47:21 DEBUG [1359475] - vcopsPakManagerCommon.ReturnZipFileExtractedSize:326 - The file: "content/resources/resources_ko.properties" has an extracted size of: 3663
2026-04-14T15:47:21 DEBUG [1359475] - vcopsPakManagerCommon.ReturnZipFileExtractedSize:326 - The file: "content/resources/resources_zh_TW.properties" has an extracted size of: 2584
2026-04-14T15:47:21 DEBUG [1359475] - vcopsPakManagerCommon.ReturnZipFileExtractedSize:326 - The file: "content/resources/resources_de.properties" has an extracted size of: 3543
2026-04-14T15:47:21 DEBUG [1359475] - vcopsPakManagerCommon.ReturnZipFileExtractedSize:326 - The file: "content/resources/resources_zh_CN.properties" has an extracted size of: 2539
2026-04-14T15:47:21 DEBUG [1359475] - vcopsPakManagerCommon.ReturnZipFileExtractedSize:326 - The file: "content/resources/resources_es.properties" has an extracted size of: 3967
2026-04-14T15:47:21 DEBUG [1359475] - vcopsPakManagerCommon.ReturnZipFileExtractedSize:326 - The file: "content/resources/resources_ja.properties" has an extracted size of: 4629
2026-04-14T15:47:21 DEBUG [1359475] - vcopsPakManagerCommon.ReturnZipFileExtractedSize:326 - The file: "adapter.zip" has an extracted size of: 29259
2026-04-14T15:47:21 DEBUG [1359475] - vcopsPakManagerCommon.ReturnZipFileExtractedSize:328 - Zip file: "/storage/db/casa/pak/dist_pak_files/VA_LINUX/AzureGovCloud-150.pak" total extracted size is: 1017845
2026-04-14T15:47:21 DEBUG [1359475] - vcopsPakManagerCommon.ReturnFreeSpace:584 - Directory: "/storage/db/pakRepoLocal/AzureGovCloud-150" has "970793689088" free bytes available
2026-04-14T15:47:21 DEBUG [1359475] - vcopsPakManager.verifySufficientSpace:2638 - Approximate pak file extracted size: 1017845, Pak Repo Free Disk: 970793689088
2026-04-14T15:47:21 DEBUG [1359475] - vcopsPakManager.verifySufficientSpace:2641 - There is enough free space to extract the PAK file
2026-04-14T15:47:21 DEBUG [1359475] - vcopsPakManager.UpdateResultsFile:531 - Entering update the results file with the result: "Running", exit code: "", action: "stage"
2026-04-14T15:47:21 DEBUG [1359475] - vcopsPakManager.UpdateResultsFile:545 - Updating the results file action: stage with the value: Running
2026-04-14T15:47:21 DEBUG [1359475] - vcopsPakManager.UpdateResultsFile:562 - Skip resource info
2026-04-14T15:47:21 DEBUG [1359475] - vcopsPakManager.UpdateResultsFile:568 - Skip updating the action log file
2026-04-14T15:47:21 DEBUG [1359475] - vcopsPakManager.UpdateResultsFile:572 - Skip updating the action error log file
2026-04-14T15:47:21 DEBUG [1359475] - vcopsPakManager.CreateResultsFile:477 - Create the results file: /storage/db/pakRepoLocal/AzureGovCloud-150/AzureGovCloud-150.results if it does not already exist
2026-04-14T15:47:21 DEBUG [1359475] - vcopsPakManager.CreateResultsFile:481 - Creating the results file
2026-04-14T15:47:21 DEBUG [1359475] - vcopsPakManager.LoadResultsFile:421 - Entering load results file
2026-04-14T15:47:21 DEBUG [1359475] - vcopsPakManager.VerifyPakResultFileExists:368 - Verify the Pak file result file: exists
2026-04-14T15:47:21 DEBUG [1359475] - vcopsPakManager.VerifyPakResultFileExists:370 - The results file: "/storage/db/pakRepoLocal/AzureGovCloud-150/AzureGovCloud-150.results" exists
2026-04-14T15:47:21 DEBUG [1359475] - vcopsPakManagerCommon.LoadJsonDocument:207 - Loaded Json file: "/storage/db/pakRepoLocal/AzureGovCloud-150/AzureGovCloud-150.results"
2026-04-14T15:47:21 DEBUG [1359475] - vcopsPakManager.populateLocalizableFileinResultsFile:411 - No file: 'eula_file'
2026-04-14T15:47:21 DEBUG [1359475] - vcopsPakManager.populateLocalizableFileinResultsFile:411 - No file: 'release_info_file'
2026-04-14T15:47:21 DEBUG [1359475] - vcopsPakManager.callAction:2148 - Calling action: post_stage. command=/usr/lib/vmware-python-3/bin/python /usr/lib/vmware-vcopssuite/utilities/pakManager/bin/vcopsPakManager.py --action post_stage --pak /storage/db/casa/pak/dist_pak_files/VA_LINUX/AzureGovCloud-150.pak --stage_cprc_pak
2026-04-14T15:47:21 DEBUG [1359475] - vcopsPakManager.callAction:2150 - Completed post_stage call.  Please check the results file for the stage action to complete
