2026-04-14T15:47:24 DEBUG [1359556] - vcopsPakManager.read_arguments:4159 - Input params:
2026-04-14T15:47:24 DEBUG [1359556] - vcopsPakManager.read_arguments:4160 -   - action: "estimate_install_time"
2026-04-14T15:47:24 DEBUG [1359556] - vcopsPakManager.read_arguments:4161 -   - pakFile: "AzureGovCloud-150"
2026-04-14T15:47:24 DEBUG [1359556] - vcopsPakManager.read_arguments:4162 -   - locale: "None"
2026-04-14T15:47:24 DEBUG [1359556] - vcopsPakManager.read_arguments:4163 -   - Remove History Action: "None"
2026-04-14T15:47:24 DEBUG [1359556] - vcopsPakManager.read_arguments:4164 -   - Remove Pak Action: False
2026-04-14T15:47:24 DEBUG [1359556] - vcopsPakManager.read_arguments:4165 -   - Skip: False
2026-04-14T15:47:24 DEBUG [1359556] - vcopsPakManager.read_arguments:4166 -   - Force: False
2026-04-14T15:47:24 DEBUG [1359556] - vcopsPakManager.read_arguments:4167 -   - Force content update: None
2026-04-14T15:47:24 DEBUG [1359556] - vcopsPakManager.read_arguments:4168 -   - Results action to update: "None"
2026-04-14T15:47:24 DEBUG [1359556] - vcopsPakManager.read_arguments:4169 -   - Results exit code: None
2026-04-14T15:47:24 DEBUG [1359556] - vcopsPakManager.read_arguments:4170 -   - Results exit message: "None"
2026-04-14T15:47:24 DEBUG [1359556] - vcopsPakManager.read_arguments:4171 -   - Results resource message key: "None"
2026-04-14T15:47:24 DEBUG [1359556] - vcopsPakManager.read_arguments:4172 -   - Results resource args: None
2026-04-14T15:47:24 DEBUG [1359556] - vcopsPakManager.read_arguments:4173 -   - Results resrouce dir: "None"
2026-04-14T15:47:24 DEBUG [1359556] - vcopsPakManager.read_arguments:4178 -   - Auth Token Passed: False
2026-04-14T15:47:24 DEBUG [1359556] - vcopsPakManager.main:4223 - In: estimate_install_time
2026-04-14T15:47:24 DEBUG [1359556] - vcopsPakManager.returnPakFormat:1754 - Checking pak file: "AzureGovCloud-150" format
2026-04-14T15:47:24 DEBUG [1359556] - vc_ops_logging.logDebug:266 - Locale language code: "en", territory code: "US"
2026-04-14T15:47:24 DEBUG [1359556] - vc_ops_logging.logDebug:266 - Checking resource file: "/storage/db/pakRepoLocal/AzureGovCloud-150/resources/resources_en_US.properties"
2026-04-14T15:47:24 INFO [1359556] - vc_ops_logging.logInfo:271 - Resource file: "/storage/db/pakRepoLocal/AzureGovCloud-150/resources/resources_en_US.properties" does not exist
2026-04-14T15:47:24 DEBUG [1359556] - vc_ops_logging.logDebug:266 - Checking resource file: "/storage/db/pakRepoLocal/AzureGovCloud-150/resources/resources_en.properties"
2026-04-14T15:47:24 INFO [1359556] - vc_ops_logging.logInfo:271 - Resource file: "/storage/db/pakRepoLocal/AzureGovCloud-150/resources/resources_en.properties" does not exist
2026-04-14T15:47:24 DEBUG [1359556] - vc_ops_logging.logDebug:266 - Checking resource file: "/storage/db/pakRepoLocal/AzureGovCloud-150/resources/resources.properties"
2026-04-14T15:47:24 DEBUG [1359556] - vc_ops_logging.logDebug:266 - Resource file: "/storage/db/pakRepoLocal/AzureGovCloud-150/resources/resources.properties" exists, use it
2026-04-14T15:47:24 DEBUG [1359556] - vc_ops_logging.logDebug:266 - Return resource file: "/storage/db/pakRepoLocal/AzureGovCloud-150/resources/resources.properties"
2026-04-14T15:47:24 DEBUG [1359556] - vc_ops_logging.logDebug:266 - Locale language code: "en", territory code: "US"
2026-04-14T15:47:24 DEBUG [1359556] - vc_ops_logging.logDebug:266 - Checking resource file: "/storage/db/pakRepoLocal/AzureGovCloud-150/resources/resources_en_US.properties"
2026-04-14T15:47:24 INFO [1359556] - vc_ops_logging.logInfo:271 - Resource file: "/storage/db/pakRepoLocal/AzureGovCloud-150/resources/resources_en_US.properties" does not exist
2026-04-14T15:47:24 DEBUG [1359556] - vc_ops_logging.logDebug:266 - Checking resource file: "/storage/db/pakRepoLocal/AzureGovCloud-150/resources/resources_en.properties"
2026-04-14T15:47:24 INFO [1359556] - vc_ops_logging.logInfo:271 - Resource file: "/storage/db/pakRepoLocal/AzureGovCloud-150/resources/resources_en.properties" does not exist
2026-04-14T15:47:24 DEBUG [1359556] - vc_ops_logging.logDebug:266 - Checking resource file: "/storage/db/pakRepoLocal/AzureGovCloud-150/resources/resources.properties"
2026-04-14T15:47:24 DEBUG [1359556] - vc_ops_logging.logDebug:266 - Resource file: "/storage/db/pakRepoLocal/AzureGovCloud-150/resources/resources.properties" exists, use it
2026-04-14T15:47:24 DEBUG [1359556] - vc_ops_logging.logDebug:266 - Return resource file: "/storage/db/pakRepoLocal/AzureGovCloud-150/resources/resources.properties"
2026-04-14T15:47:24 DEBUG [1359556] - vcopsPakManager.loadResultValue:438 - Entering load result value for: pak_format
2026-04-14T15:47:24 DEBUG [1359556] - vcopsPakManager.LoadResultsFile:421 - Entering load results file
2026-04-14T15:47:24 DEBUG [1359556] - vcopsPakManager.VerifyPakResultFileExists:368 - Verify the Pak file result file: exists
2026-04-14T15:47:24 DEBUG [1359556] - vcopsPakManager.VerifyPakResultFileExists:370 - The results file: "/storage/db/pakRepoLocal/AzureGovCloud-150/AzureGovCloud-150.results" exists
2026-04-14T15:47:24 DEBUG [1359556] - vcopsPakManagerCommon.LoadJsonDocument:207 - Loaded Json file: "/storage/db/pakRepoLocal/AzureGovCloud-150/AzureGovCloud-150.results"
2026-04-14T15:47:24 DEBUG [1359556] - vcopsPakManager.populateLocalizableFileinResultsFile:411 - No file: 'EstimateInstallTime' object has no attribute 'pakName'
2026-04-14T15:47:24 DEBUG [1359556] - vcopsPakManager.populateLocalizableFileinResultsFile:411 - No file: 'release_info_file'
2026-04-14T15:47:24 DEBUG [1359556] - vcopsPakManager.loadResultValue:442 - Value for: pak_format is: "6.x"
2026-04-14T15:47:24 DEBUG [1359556] - vcopsPakManager.loadResultValue:447 - Returning key value: "6.x"
2026-04-14T15:47:24 DEBUG [1359556] - vcopsPakManager.returnPakFormat:1759 - The results file pak format is: "6.x"
2026-04-14T15:47:24 DEBUG [1359556] - vc_ops_logging.logDebug:266 - Locale language code: "en", territory code: "US"
2026-04-14T15:47:24 DEBUG [1359556] - vc_ops_logging.logDebug:266 - Checking resource file: "/storage/db/pakRepoLocal/AzureGovCloud-150/resources/resources_en_US.properties"
2026-04-14T15:47:24 INFO [1359556] - vc_ops_logging.logInfo:271 - Resource file: "/storage/db/pakRepoLocal/AzureGovCloud-150/resources/resources_en_US.properties" does not exist
2026-04-14T15:47:24 DEBUG [1359556] - vc_ops_logging.logDebug:266 - Checking resource file: "/storage/db/pakRepoLocal/AzureGovCloud-150/resources/resources_en.properties"
2026-04-14T15:47:24 INFO [1359556] - vc_ops_logging.logInfo:271 - Resource file: "/storage/db/pakRepoLocal/AzureGovCloud-150/resources/resources_en.properties" does not exist
2026-04-14T15:47:24 DEBUG [1359556] - vc_ops_logging.logDebug:266 - Checking resource file: "/storage/db/pakRepoLocal/AzureGovCloud-150/resources/resources.properties"
2026-04-14T15:47:24 DEBUG [1359556] - vc_ops_logging.logDebug:266 - Resource file: "/storage/db/pakRepoLocal/AzureGovCloud-150/resources/resources.properties" exists, use it
2026-04-14T15:47:24 DEBUG [1359556] - vc_ops_logging.logDebug:266 - Return resource file: "/storage/db/pakRepoLocal/AzureGovCloud-150/resources/resources.properties"
2026-04-14T15:47:24 DEBUG [1359556] - vcopsPakManager.__init__:1700 - Added env variable: 'ALIVE_BASE' = '/usr/lib/vmware-vcops'
2026-04-14T15:47:24 DEBUG [1359556] - vcopsPakManager.__init__:1700 - Added env variable: 'VCOPS_BASE' = '/usr/lib/vmware-vcops'
2026-04-14T15:47:24 DEBUG [1359556] - vcopsPakManager.__init__:1700 - Added env variable: 'GEMFIRE_HOME' = '/usr/lib/vmware-vcops/gemfire'
2026-04-14T15:47:24 DEBUG [1359556] - vcopsPakManager.__init__:1700 - Added env variable: 'JRE_HOME' = '/usr/java/default'
2026-04-14T15:47:24 DEBUG [1359556] - vcopsPakManager.__init__:1700 - Added env variable: 'VCOPS_DATA' = '/data'
2026-04-14T15:47:24 DEBUG [1359556] - vcopsPakManager.__init__:1700 - Added env variable: 'VCOPS_DATA_VCOPS' = '/data/vcops'
2026-04-14T15:47:24 DEBUG [1359556] - vcopsPakManager.__init__:1700 - Added env variable: 'STORAGE' = '/storage'
2026-04-14T15:47:24 DEBUG [1359556] - vcopsPakManager.__init__:1700 - Added env variable: 'STORAGE_LOG_VCOPS' = '/storage/log/vcops'
2026-04-14T15:47:24 DEBUG [1359556] - vcopsPakManager.__init__:1700 - Added env variable: 'STORAGE_DB_VCOPS' = '/storage/db/vcops'
2026-04-14T15:47:24 DEBUG [1359556] - vcopsPakManager.__init__:1700 - Added env variable: 'VMWARE_JAVA_HOME' = '/usr/java/default'
2026-04-14T15:47:24 DEBUG [1359556] - vcopsPakManager.__init__:1700 - Added env variable: 'VMWARE_PYTHON_BIN' = '/usr/bin/python'
2026-04-14T15:47:24 DEBUG [1359556] - vcopsPakManager.__init__:1700 - Added env variable: 'VMWARE_PYTHON_3_BIN' = '/usr/bin/python'
2026-04-14T15:47:24 DEBUG [1359556] - vcopsPakManager.__init__:1700 - Added env variable: 'VMWARE_TCROOT' = '/usr/share/tomcat'
2026-04-14T15:47:24 DEBUG [1359556] - vcopsPakManager.__init__:1700 - Added env variable: 'STORAGE_CORE_VCOPS' = '/storage/core'
2026-04-14T15:47:24 DEBUG [1359556] - vcopsPakManager.__init__:1700 - Added env variable: 'VMWARE_VPOSTGRES_ROOT' = '/opt/vmware/vpostgres/current'
2026-04-14T15:47:24 DEBUG [1359556] - vcopsPakManager.__init__:1700 - Added env variable: 'VCOPS_TEMP' = '/storage/db/tmp'
2026-04-14T15:47:24 DEBUG [1359556] - vcopsPakManager.__init__:1700 - Added env variable: 'VCOPS_USER' = 'admin'
2026-04-14T15:47:24 DEBUG [1359556] - vcopsPakManager.__init__:1700 - Added env variable: 'VCOPS_GROUP' = 'admin'
2026-04-14T15:47:24 DEBUG [1359556] - vcopsPakManager.__init__:1700 - Added env variable: 'PAGER' = 'cat'
2026-04-14T15:47:24 DEBUG [1359556] - vcopsPakManager.__init__:1700 - Added env variable: 'CASSANDRA_CONF' = '/usr/lib/vmware-vcops/user/conf/cassandra'
2026-04-14T15:47:24 DEBUG [1359556] - vcopsPakManager.__init__:1700 - Added env variable: 'PGSSLCERT' = '/storage/vcops/user/conf/ssl/postgres_vcops_cert.pem'
2026-04-14T15:47:24 DEBUG [1359556] - vcopsPakManager.__init__:1700 - Added env variable: 'PGSSLKEY' = '/storage/vcops/user/conf/ssl/postgres_vcops_key.pem'
2026-04-14T15:47:24 DEBUG [1359556] - vcopsPakManager.EstimateInstallTime:3639 - Entering EstimateInstallTime
