2026-04-14T15:47:21 DEBUG [1359479] - vcopsPakManager.read_arguments:4159 - Input params:
2026-04-14T15:47:21 DEBUG [1359479] - vcopsPakManager.read_arguments:4160 -   - action: "post_stage"
2026-04-14T15:47:21 DEBUG [1359479] - vcopsPakManager.read_arguments:4161 -   - pakFile: "/storage/db/casa/pak/dist_pak_files/VA_LINUX/AzureGovCloud-150.pak"
2026-04-14T15:47:21 DEBUG [1359479] - vcopsPakManager.read_arguments:4162 -   - locale: "None"
2026-04-14T15:47:21 DEBUG [1359479] - vcopsPakManager.read_arguments:4163 -   - Remove History Action: "None"
2026-04-14T15:47:21 DEBUG [1359479] - vcopsPakManager.read_arguments:4164 -   - Remove Pak Action: False
2026-04-14T15:47:21 DEBUG [1359479] - vcopsPakManager.read_arguments:4165 -   - Skip: False
2026-04-14T15:47:21 DEBUG [1359479] - vcopsPakManager.read_arguments:4166 -   - Force: False
2026-04-14T15:47:21 DEBUG [1359479] - vcopsPakManager.read_arguments:4167 -   - Force content update: None
2026-04-14T15:47:21 DEBUG [1359479] - vcopsPakManager.read_arguments:4168 -   - Results action to update: "None"
2026-04-14T15:47:21 DEBUG [1359479] - vcopsPakManager.read_arguments:4169 -   - Results exit code: None
2026-04-14T15:47:21 DEBUG [1359479] - vcopsPakManager.read_arguments:4170 -   - Results exit message: "None"
2026-04-14T15:47:21 DEBUG [1359479] - vcopsPakManager.read_arguments:4171 -   - Results resource message key: "None"
2026-04-14T15:47:21 DEBUG [1359479] - vcopsPakManager.read_arguments:4172 -   - Results resource args: None
2026-04-14T15:47:21 DEBUG [1359479] - vcopsPakManager.read_arguments:4173 -   - Results resrouce dir: "None"
2026-04-14T15:47:21 DEBUG [1359479] - vcopsPakManager.read_arguments:4178 -   - Auth Token Passed: False
2026-04-14T15:47:21 DEBUG [1359479] - vcopsPakManager.main:4235 - In: post_stage
2026-04-14T15:47:21 DEBUG [1359479] - vcopsPakManager.returnPakId:789 - Entering return Pak ID for file: "/storage/db/casa/pak/dist_pak_files/VA_LINUX/AzureGovCloud-150.pak"
2026-04-14T15:47:21 DEBUG [1359479] - vcopsPakManager.returnPakId:847 - Setting pak ID to: "AzureGovCloud-150"
2026-04-14T15:47:21 DEBUG [1359479] - vcopsPakManager.returnPakFormat:1754 - Checking pak file: "AzureGovCloud-150" format
2026-04-14T15:47:21 DEBUG [1359479] - vc_ops_logging.logDebug:266 - Locale language code: "en", territory code: "US"
2026-04-14T15:47:21 DEBUG [1359479] - vc_ops_logging.logDebug:266 - Checking resource file: "/storage/db/pakRepoLocal/AzureGovCloud-150/resources/resources_en_US.properties"
2026-04-14T15:47:21 INFO [1359479] - vc_ops_logging.logInfo:271 - Resource file: "/storage/db/pakRepoLocal/AzureGovCloud-150/resources/resources_en_US.properties" does not exist
2026-04-14T15:47:21 DEBUG [1359479] - vc_ops_logging.logDebug:266 - Checking resource file: "/storage/db/pakRepoLocal/AzureGovCloud-150/resources/resources_en.properties"
2026-04-14T15:47:21 INFO [1359479] - vc_ops_logging.logInfo:271 - Resource file: "/storage/db/pakRepoLocal/AzureGovCloud-150/resources/resources_en.properties" does not exist
2026-04-14T15:47:21 DEBUG [1359479] - vc_ops_logging.logDebug:266 - Checking resource file: "/storage/db/pakRepoLocal/AzureGovCloud-150/resources/resources.properties"
2026-04-14T15:47:21 INFO [1359479] - vc_ops_logging.logInfo:271 - Resource file: "/storage/db/pakRepoLocal/AzureGovCloud-150/resources/resources.properties" does not exist
2026-04-14T15:47:21 INFO [1359479] - vcopsPakManager.setupResourceBundle:365 - Failed to load the resource bundle, exception: Failed to find a resource file from list: /storage/db/pakRepoLocal/AzureGovCloud-150/resources/resources_en_US.properties, /storage/db/pakRepoLocal/AzureGovCloud-150/resources/resources_en.properties, /storage/db/pakRepoLocal/AzureGovCloud-150/resources/resources.properties
2026-04-14T15:47:21 DEBUG [1359479] - vc_ops_logging.logDebug:266 - Locale language code: "en", territory code: "US"
2026-04-14T15:47:21 DEBUG [1359479] - vc_ops_logging.logDebug:266 - Checking resource file: "/storage/db/pakRepoLocal/AzureGovCloud-150/resources/resources_en_US.properties"
2026-04-14T15:47:21 INFO [1359479] - vc_ops_logging.logInfo:271 - Resource file: "/storage/db/pakRepoLocal/AzureGovCloud-150/resources/resources_en_US.properties" does not exist
2026-04-14T15:47:21 DEBUG [1359479] - vc_ops_logging.logDebug:266 - Checking resource file: "/storage/db/pakRepoLocal/AzureGovCloud-150/resources/resources_en.properties"
2026-04-14T15:47:21 INFO [1359479] - vc_ops_logging.logInfo:271 - Resource file: "/storage/db/pakRepoLocal/AzureGovCloud-150/resources/resources_en.properties" does not exist
2026-04-14T15:47:21 DEBUG [1359479] - vc_ops_logging.logDebug:266 - Checking resource file: "/storage/db/pakRepoLocal/AzureGovCloud-150/resources/resources.properties"
2026-04-14T15:47:21 INFO [1359479] - vc_ops_logging.logInfo:271 - Resource file: "/storage/db/pakRepoLocal/AzureGovCloud-150/resources/resources.properties" does not exist
2026-04-14T15:47:21 INFO [1359479] - vcopsPakManager.setupResourceBundle:365 - Failed to load the resource bundle, exception: Failed to find a resource file from list: /storage/db/pakRepoLocal/AzureGovCloud-150/resources/resources_en_US.properties, /storage/db/pakRepoLocal/AzureGovCloud-150/resources/resources_en.properties, /storage/db/pakRepoLocal/AzureGovCloud-150/resources/resources.properties
2026-04-14T15:47:21 DEBUG [1359479] - vcopsPakManager.loadResultValue:438 - Entering load result value for: pak_format
2026-04-14T15:47:21 DEBUG [1359479] - vcopsPakManager.LoadResultsFile:421 - Entering load results file
2026-04-14T15:47:21 DEBUG [1359479] - vcopsPakManager.VerifyPakResultFileExists:368 - Verify the Pak file result file: exists
2026-04-14T15:47:21 DEBUG [1359479] - vcopsPakManager.VerifyPakResultFileExists:370 - The results file: "/storage/db/pakRepoLocal/AzureGovCloud-150/AzureGovCloud-150.results" exists
2026-04-14T15:47:21 DEBUG [1359479] - vcopsPakManagerCommon.LoadJsonDocument:207 - Loaded Json file: "/storage/db/pakRepoLocal/AzureGovCloud-150/AzureGovCloud-150.results"
2026-04-14T15:47:21 DEBUG [1359479] - vcopsPakManager.populateLocalizableFileinResultsFile:411 - No file: 'eula_file'
2026-04-14T15:47:21 DEBUG [1359479] - vcopsPakManager.populateLocalizableFileinResultsFile:411 - No file: 'release_info_file'
2026-04-14T15:47:21 DEBUG [1359479] - vcopsPakManager.loadResultValue:442 - Value for: pak_format is: ""
2026-04-14T15:47:21 DEBUG [1359479] - vcopsPakManager.loadResultValue:447 - Returning key value: ""
2026-04-14T15:47:21 DEBUG [1359479] - vcopsPakManager.returnPakFormat:1759 - The results file pak format is: ""
2026-04-14T15:47:21 DEBUG [1359479] - vcopsPakManager.returnPakFormat:1766 - File: /storage/db/pakRepoLocal/AzureGovCloud-150/AzureGovCloud-150.results
2026-04-14T15:47:21 DEBUG [1359479] - vcopsPakManager.returnPakFormat:1783 - The Pak Repo Extracted Location: "/storage/db/pakRepoLocal/AzureGovCloud-150/extracted" does not exist, assume new format
2026-04-14T15:47:21 DEBUG [1359479] - vc_ops_logging.logDebug:266 - Locale language code: "en", territory code: "US"
2026-04-14T15:47:21 DEBUG [1359479] - vc_ops_logging.logDebug:266 - Checking resource file: "/storage/db/pakRepoLocal/AzureGovCloud-150/resources/resources_en_US.properties"
2026-04-14T15:47:21 INFO [1359479] - vc_ops_logging.logInfo:271 - Resource file: "/storage/db/pakRepoLocal/AzureGovCloud-150/resources/resources_en_US.properties" does not exist
2026-04-14T15:47:21 DEBUG [1359479] - vc_ops_logging.logDebug:266 - Checking resource file: "/storage/db/pakRepoLocal/AzureGovCloud-150/resources/resources_en.properties"
2026-04-14T15:47:21 INFO [1359479] - vc_ops_logging.logInfo:271 - Resource file: "/storage/db/pakRepoLocal/AzureGovCloud-150/resources/resources_en.properties" does not exist
2026-04-14T15:47:21 DEBUG [1359479] - vc_ops_logging.logDebug:266 - Checking resource file: "/storage/db/pakRepoLocal/AzureGovCloud-150/resources/resources.properties"
2026-04-14T15:47:21 INFO [1359479] - vc_ops_logging.logInfo:271 - Resource file: "/storage/db/pakRepoLocal/AzureGovCloud-150/resources/resources.properties" does not exist
2026-04-14T15:47:21 INFO [1359479] - vcopsPakManager.setupResourceBundle:365 - Failed to load the resource bundle, exception: Failed to find a resource file from list: /storage/db/pakRepoLocal/AzureGovCloud-150/resources/resources_en_US.properties, /storage/db/pakRepoLocal/AzureGovCloud-150/resources/resources_en.properties, /storage/db/pakRepoLocal/AzureGovCloud-150/resources/resources.properties
2026-04-14T15:47:21 DEBUG [1359479] - vcopsPakManager.__init__:1700 - Added env variable: 'ALIVE_BASE' = '/usr/lib/vmware-vcops'
2026-04-14T15:47:21 DEBUG [1359479] - vcopsPakManager.__init__:1700 - Added env variable: 'VCOPS_BASE' = '/usr/lib/vmware-vcops'
2026-04-14T15:47:21 DEBUG [1359479] - vcopsPakManager.__init__:1700 - Added env variable: 'GEMFIRE_HOME' = '/usr/lib/vmware-vcops/gemfire'
2026-04-14T15:47:21 DEBUG [1359479] - vcopsPakManager.__init__:1700 - Added env variable: 'JRE_HOME' = '/usr/java/default'
2026-04-14T15:47:21 DEBUG [1359479] - vcopsPakManager.__init__:1700 - Added env variable: 'VCOPS_DATA' = '/data'
2026-04-14T15:47:21 DEBUG [1359479] - vcopsPakManager.__init__:1700 - Added env variable: 'VCOPS_DATA_VCOPS' = '/data/vcops'
2026-04-14T15:47:21 DEBUG [1359479] - vcopsPakManager.__init__:1700 - Added env variable: 'STORAGE' = '/storage'
2026-04-14T15:47:21 DEBUG [1359479] - vcopsPakManager.__init__:1700 - Added env variable: 'STORAGE_LOG_VCOPS' = '/storage/log/vcops'
2026-04-14T15:47:21 DEBUG [1359479] - vcopsPakManager.__init__:1700 - Added env variable: 'STORAGE_DB_VCOPS' = '/storage/db/vcops'
2026-04-14T15:47:21 DEBUG [1359479] - vcopsPakManager.__init__:1700 - Added env variable: 'VMWARE_JAVA_HOME' = '/usr/java/default'
2026-04-14T15:47:21 DEBUG [1359479] - vcopsPakManager.__init__:1700 - Added env variable: 'VMWARE_PYTHON_BIN' = '/usr/bin/python'
2026-04-14T15:47:21 DEBUG [1359479] - vcopsPakManager.__init__:1700 - Added env variable: 'VMWARE_PYTHON_3_BIN' = '/usr/bin/python'
2026-04-14T15:47:21 DEBUG [1359479] - vcopsPakManager.__init__:1700 - Added env variable: 'VMWARE_TCROOT' = '/usr/share/tomcat'
2026-04-14T15:47:21 DEBUG [1359479] - vcopsPakManager.__init__:1700 - Added env variable: 'STORAGE_CORE_VCOPS' = '/storage/core'
2026-04-14T15:47:21 DEBUG [1359479] - vcopsPakManager.__init__:1700 - Added env variable: 'VMWARE_VPOSTGRES_ROOT' = '/opt/vmware/vpostgres/current'
2026-04-14T15:47:21 DEBUG [1359479] - vcopsPakManager.__init__:1700 - Added env variable: 'VCOPS_TEMP' = '/storage/db/tmp'
2026-04-14T15:47:21 DEBUG [1359479] - vcopsPakManager.__init__:1700 - Added env variable: 'VCOPS_USER' = 'admin'
2026-04-14T15:47:21 DEBUG [1359479] - vcopsPakManager.__init__:1700 - Added env variable: 'VCOPS_GROUP' = 'admin'
2026-04-14T15:47:21 DEBUG [1359479] - vcopsPakManager.__init__:1700 - Added env variable: 'PAGER' = 'cat'
2026-04-14T15:47:21 DEBUG [1359479] - vcopsPakManager.__init__:1700 - Added env variable: 'CASSANDRA_CONF' = '/usr/lib/vmware-vcops/user/conf/cassandra'
2026-04-14T15:47:21 DEBUG [1359479] - vcopsPakManager.__init__:1700 - Added env variable: 'PGSSLCERT' = '/storage/vcops/user/conf/ssl/postgres_vcops_cert.pem'
2026-04-14T15:47:21 DEBUG [1359479] - vcopsPakManager.__init__:1700 - Added env variable: 'PGSSLKEY' = '/storage/vcops/user/conf/ssl/postgres_vcops_key.pem'
2026-04-14T15:47:21 DEBUG [1359479] - vcopsPakManager.extractPakFile:2624 - Extract pak file: /storage/db/casa/pak/dist_pak_files/VA_LINUX/AzureGovCloud-150.pak to: /storage/db/pakRepoLocal/AzureGovCloud-150/extracted
2026-04-14T15:47:21 DEBUG [1359479] - vcopsPakManagerCommon.ExtractZipFile:271 - Creating dest path: "/storage/db/pakRepoLocal/AzureGovCloud-150/extracted"
2026-04-14T15:47:21 DEBUG [1359479] - vcopsPakManagerCommon.ExtractZipFile:283 - Extracting "/storage/db/casa/pak/dist_pak_files/VA_LINUX/AzureGovCloud-150.pak" to "/storage/db/pakRepoLocal/AzureGovCloud-150/extracted"
2026-04-14T15:47:21 DEBUG [1359479] - vcopsPakManagerCommon.ExtractZipFile:293 - Checking to ensure all files were extracted
2026-04-14T15:47:21 DEBUG [1359479] - vcopsPakManagerCommon.ExtractZipFile:302 - File: "/storage/db/pakRepoLocal/AzureGovCloud-150/extracted/manifest.txt" was successfully extracted
2026-04-14T15:47:21 DEBUG [1359479] - vcopsPakManagerCommon.ExtractZipFile:302 - File: "/storage/db/pakRepoLocal/AzureGovCloud-150/extracted/icon.png" was successfully extracted
2026-04-14T15:47:21 DEBUG [1359479] - vcopsPakManagerCommon.ExtractZipFile:302 - File: "/storage/db/pakRepoLocal/AzureGovCloud-150/extracted/eula.txt" was successfully extracted
2026-04-14T15:47:21 DEBUG [1359479] - vcopsPakManagerCommon.ExtractZipFile:302 - File: "/storage/db/pakRepoLocal/AzureGovCloud-150/extracted/resources/" was successfully extracted
2026-04-14T15:47:21 DEBUG [1359479] - vcopsPakManagerCommon.ExtractZipFile:302 - File: "/storage/db/pakRepoLocal/AzureGovCloud-150/extracted/resources/resources.properties" was successfully extracted
2026-04-14T15:47:21 DEBUG [1359479] - vcopsPakManagerCommon.ExtractZipFile:302 - File: "/storage/db/pakRepoLocal/AzureGovCloud-150/extracted/content/" was successfully extracted
2026-04-14T15:47:21 DEBUG [1359479] - vcopsPakManagerCommon.ExtractZipFile:302 - File: "/storage/db/pakRepoLocal/AzureGovCloud-150/extracted/content/dashboards/" was successfully extracted
2026-04-14T15:47:21 DEBUG [1359479] - vcopsPakManagerCommon.ExtractZipFile:302 - File: "/storage/db/pakRepoLocal/AzureGovCloud-150/extracted/content/dashboards/azure/" was successfully extracted
2026-04-14T15:47:21 DEBUG [1359479] - vcopsPakManagerCommon.ExtractZipFile:302 - File: "/storage/db/pakRepoLocal/AzureGovCloud-150/extracted/content/dashboards/azure/dashboard.json" was successfully extracted
2026-04-14T15:47:21 DEBUG [1359479] - vcopsPakManagerCommon.ExtractZipFile:302 - File: "/storage/db/pakRepoLocal/AzureGovCloud-150/extracted/content/dashboards/azure/resources/" was successfully extracted
2026-04-14T15:47:21 DEBUG [1359479] - vcopsPakManagerCommon.ExtractZipFile:302 - File: "/storage/db/pakRepoLocal/AzureGovCloud-150/extracted/content/dashboards/azure/resources/resources_fr.properties" was successfully extracted
2026-04-14T15:47:21 DEBUG [1359479] - vcopsPakManagerCommon.ExtractZipFile:302 - File: "/storage/db/pakRepoLocal/AzureGovCloud-150/extracted/content/dashboards/azure/resources/resources.properties" was successfully extracted
2026-04-14T15:47:21 DEBUG [1359479] - vcopsPakManagerCommon.ExtractZipFile:302 - File: "/storage/db/pakRepoLocal/AzureGovCloud-150/extracted/content/dashboards/azure/resources/resources_ko.properties" was successfully extracted
2026-04-14T15:47:21 DEBUG [1359479] - vcopsPakManagerCommon.ExtractZipFile:302 - File: "/storage/db/pakRepoLocal/AzureGovCloud-150/extracted/content/dashboards/azure/resources/resources_zh_TW.properties" was successfully extracted
2026-04-14T15:47:21 DEBUG [1359479] - vcopsPakManagerCommon.ExtractZipFile:302 - File: "/storage/db/pakRepoLocal/AzureGovCloud-150/extracted/content/dashboards/azure/resources/resources_de.properties" was successfully extracted
2026-04-14T15:47:21 DEBUG [1359479] - vcopsPakManagerCommon.ExtractZipFile:302 - File: "/storage/db/pakRepoLocal/AzureGovCloud-150/extracted/content/dashboards/azure/resources/resources_zh_CN.properties" was successfully extracted
2026-04-14T15:47:21 DEBUG [1359479] - vcopsPakManagerCommon.ExtractZipFile:302 - File: "/storage/db/pakRepoLocal/AzureGovCloud-150/extracted/content/dashboards/azure/resources/resources_es.properties" was successfully extracted
2026-04-14T15:47:21 DEBUG [1359479] - vcopsPakManagerCommon.ExtractZipFile:302 - File: "/storage/db/pakRepoLocal/AzureGovCloud-150/extracted/content/dashboards/azure/resources/resources_ja.properties" was successfully extracted
2026-04-14T15:47:21 DEBUG [1359479] - vcopsPakManagerCommon.ExtractZipFile:302 - File: "/storage/db/pakRepoLocal/AzureGovCloud-150/extracted/content/reports/" was successfully extracted
2026-04-14T15:47:21 DEBUG [1359479] - vcopsPakManagerCommon.ExtractZipFile:302 - File: "/storage/db/pakRepoLocal/AzureGovCloud-150/extracted/content/reports/views/" was successfully extracted
2026-04-14T15:47:21 DEBUG [1359479] - vcopsPakManagerCommon.ExtractZipFile:302 - File: "/storage/db/pakRepoLocal/AzureGovCloud-150/extracted/content/reports/views/content.xml" was successfully extracted
2026-04-14T15:47:21 DEBUG [1359479] - vcopsPakManagerCommon.ExtractZipFile:302 - File: "/storage/db/pakRepoLocal/AzureGovCloud-150/extracted/content/reports/views/resources/" was successfully extracted
2026-04-14T15:47:21 DEBUG [1359479] - vcopsPakManagerCommon.ExtractZipFile:302 - File: "/storage/db/pakRepoLocal/AzureGovCloud-150/extracted/content/reports/views/resources/content_ko.properties" was successfully extracted
2026-04-14T15:47:21 DEBUG [1359479] - vcopsPakManagerCommon.ExtractZipFile:302 - File: "/storage/db/pakRepoLocal/AzureGovCloud-150/extracted/content/reports/views/resources/content.properties" was successfully extracted
2026-04-14T15:47:21 DEBUG [1359479] - vcopsPakManagerCommon.ExtractZipFile:302 - File: "/storage/db/pakRepoLocal/AzureGovCloud-150/extracted/content/reports/views/resources/content_zh_TW.properties" was successfully extracted
2026-04-14T15:47:21 DEBUG [1359479] - vcopsPakManagerCommon.ExtractZipFile:302 - File: "/storage/db/pakRepoLocal/AzureGovCloud-150/extracted/content/reports/views/resources/content_fr.properties" was successfully extracted
2026-04-14T15:47:21 DEBUG [1359479] - vcopsPakManagerCommon.ExtractZipFile:302 - File: "/storage/db/pakRepoLocal/AzureGovCloud-150/extracted/content/reports/views/resources/content_ja.properties" was successfully extracted
2026-04-14T15:47:21 DEBUG [1359479] - vcopsPakManagerCommon.ExtractZipFile:302 - File: "/storage/db/pakRepoLocal/AzureGovCloud-150/extracted/content/reports/views/resources/content_es.properties" was successfully extracted
2026-04-14T15:47:21 DEBUG [1359479] - vcopsPakManagerCommon.ExtractZipFile:302 - File: "/storage/db/pakRepoLocal/AzureGovCloud-150/extracted/content/reports/views/resources/content_de.properties" was successfully extracted
2026-04-14T15:47:21 DEBUG [1359479] - vcopsPakManagerCommon.ExtractZipFile:302 - File: "/storage/db/pakRepoLocal/AzureGovCloud-150/extracted/content/reports/views/resources/content_zh_CN.properties" was successfully extracted
2026-04-14T15:47:21 DEBUG [1359479] - vcopsPakManagerCommon.ExtractZipFile:302 - File: "/storage/db/pakRepoLocal/AzureGovCloud-150/extracted/content/regions/" was successfully extracted
2026-04-14T15:47:21 DEBUG [1359479] - vcopsPakManagerCommon.ExtractZipFile:302 - File: "/storage/db/pakRepoLocal/AzureGovCloud-150/extracted/content/regions/azureregions.json" was successfully extracted
2026-04-14T15:47:21 DEBUG [1359479] - vcopsPakManagerCommon.ExtractZipFile:302 - File: "/storage/db/pakRepoLocal/AzureGovCloud-150/extracted/content/traversalSpecs/" was successfully extracted
2026-04-14T15:47:21 DEBUG [1359479] - vcopsPakManagerCommon.ExtractZipFile:302 - File: "/storage/db/pakRepoLocal/AzureGovCloud-150/extracted/content/traversalSpecs/AzureGovTraversalSpecs.xml" was successfully extracted
2026-04-14T15:47:21 DEBUG [1359479] - vcopsPakManagerCommon.ExtractZipFile:302 - File: "/storage/db/pakRepoLocal/AzureGovCloud-150/extracted/content/files/" was successfully extracted
2026-04-14T15:47:21 DEBUG [1359479] - vcopsPakManagerCommon.ExtractZipFile:302 - File: "/storage/db/pakRepoLocal/AzureGovCloud-150/extracted/content/files/reskndmetric/" was successfully extracted
2026-04-14T15:47:21 DEBUG [1359479] - vcopsPakManagerCommon.ExtractZipFile:302 - File: "/storage/db/pakRepoLocal/AzureGovCloud-150/extracted/content/files/reskndmetric/AzureGov_All_KPIs.xml" was successfully extracted
2026-04-14T15:47:21 DEBUG [1359479] - vcopsPakManagerCommon.ExtractZipFile:302 - File: "/storage/db/pakRepoLocal/AzureGovCloud-150/extracted/content/alertdefs/" was successfully extracted
2026-04-14T15:47:21 DEBUG [1359479] - vcopsPakManagerCommon.ExtractZipFile:302 - File: "/storage/db/pakRepoLocal/AzureGovCloud-150/extracted/content/alertdefs/AzureGov_Alert_Defs.xml" was successfully extracted
2026-04-14T15:47:21 DEBUG [1359479] - vcopsPakManagerCommon.ExtractZipFile:302 - File: "/storage/db/pakRepoLocal/AzureGovCloud-150/extracted/content/resources/" was successfully extracted
2026-04-14T15:47:21 DEBUG [1359479] - vcopsPakManagerCommon.ExtractZipFile:302 - File: "/storage/db/pakRepoLocal/AzureGovCloud-150/extracted/content/resources/resources_fr.properties" was successfully extracted
2026-04-14T15:47:21 DEBUG [1359479] - vcopsPakManagerCommon.ExtractZipFile:302 - File: "/storage/db/pakRepoLocal/AzureGovCloud-150/extracted/content/resources/resources.properties" was successfully extracted
2026-04-14T15:47:21 DEBUG [1359479] - vcopsPakManagerCommon.ExtractZipFile:302 - File: "/storage/db/pakRepoLocal/AzureGovCloud-150/extracted/content/resources/resources_ko.properties" was successfully extracted
2026-04-14T15:47:21 DEBUG [1359479] - vcopsPakManagerCommon.ExtractZipFile:302 - File: "/storage/db/pakRepoLocal/AzureGovCloud-150/extracted/content/resources/resources_zh_TW.properties" was successfully extracted
2026-04-14T15:47:21 DEBUG [1359479] - vcopsPakManagerCommon.ExtractZipFile:302 - File: "/storage/db/pakRepoLocal/AzureGovCloud-150/extracted/content/resources/resources_de.properties" was successfully extracted
2026-04-14T15:47:21 DEBUG [1359479] - vcopsPakManagerCommon.ExtractZipFile:302 - File: "/storage/db/pakRepoLocal/AzureGovCloud-150/extracted/content/resources/resources_zh_CN.properties" was successfully extracted
2026-04-14T15:47:21 DEBUG [1359479] - vcopsPakManagerCommon.ExtractZipFile:302 - File: "/storage/db/pakRepoLocal/AzureGovCloud-150/extracted/content/resources/resources_es.properties" was successfully extracted
2026-04-14T15:47:21 DEBUG [1359479] - vcopsPakManagerCommon.ExtractZipFile:302 - File: "/storage/db/pakRepoLocal/AzureGovCloud-150/extracted/content/resources/resources_ja.properties" was successfully extracted
2026-04-14T15:47:21 DEBUG [1359479] - vcopsPakManagerCommon.ExtractZipFile:302 - File: "/storage/db/pakRepoLocal/AzureGovCloud-150/extracted/adapter.zip" was successfully extracted
2026-04-14T15:47:21 DEBUG [1359479] - vcopsPakManagerCommon.ExtractZipFile:305 - The zip file: "/storage/db/casa/pak/dist_pak_files/VA_LINUX/AzureGovCloud-150.pak" was successfully extracted
2026-04-14T15:47:21 DEBUG [1359479] - vcopsPakManager.extractPakFile:2626 - Successfully extracted the pak file
2026-04-14T15:47:21 DEBUG [1359479] - vcopsPakManager.returnPakFormat:1754 - Checking pak file: "AzureGovCloud-150" format
2026-04-14T15:47:21 DEBUG [1359479] - vc_ops_logging.logDebug:266 - Locale language code: "en", territory code: "US"
2026-04-14T15:47:21 DEBUG [1359479] - vc_ops_logging.logDebug:266 - Checking resource file: "/storage/db/pakRepoLocal/AzureGovCloud-150/resources/resources_en_US.properties"
2026-04-14T15:47:21 INFO [1359479] - vc_ops_logging.logInfo:271 - Resource file: "/storage/db/pakRepoLocal/AzureGovCloud-150/resources/resources_en_US.properties" does not exist
2026-04-14T15:47:21 DEBUG [1359479] - vc_ops_logging.logDebug:266 - Checking resource file: "/storage/db/pakRepoLocal/AzureGovCloud-150/resources/resources_en.properties"
2026-04-14T15:47:21 INFO [1359479] - vc_ops_logging.logInfo:271 - Resource file: "/storage/db/pakRepoLocal/AzureGovCloud-150/resources/resources_en.properties" does not exist
2026-04-14T15:47:21 DEBUG [1359479] - vc_ops_logging.logDebug:266 - Checking resource file: "/storage/db/pakRepoLocal/AzureGovCloud-150/resources/resources.properties"
2026-04-14T15:47:21 INFO [1359479] - vc_ops_logging.logInfo:271 - Resource file: "/storage/db/pakRepoLocal/AzureGovCloud-150/resources/resources.properties" does not exist
2026-04-14T15:47:21 INFO [1359479] - vcopsPakManager.setupResourceBundle:365 - Failed to load the resource bundle, exception: Failed to find a resource file from list: /storage/db/pakRepoLocal/AzureGovCloud-150/resources/resources_en_US.properties, /storage/db/pakRepoLocal/AzureGovCloud-150/resources/resources_en.properties, /storage/db/pakRepoLocal/AzureGovCloud-150/resources/resources.properties
2026-04-14T15:47:21 DEBUG [1359479] - vc_ops_logging.logDebug:266 - Locale language code: "en", territory code: "US"
2026-04-14T15:47:21 DEBUG [1359479] - vc_ops_logging.logDebug:266 - Checking resource file: "/storage/db/pakRepoLocal/AzureGovCloud-150/resources/resources_en_US.properties"
2026-04-14T15:47:21 INFO [1359479] - vc_ops_logging.logInfo:271 - Resource file: "/storage/db/pakRepoLocal/AzureGovCloud-150/resources/resources_en_US.properties" does not exist
2026-04-14T15:47:21 DEBUG [1359479] - vc_ops_logging.logDebug:266 - Checking resource file: "/storage/db/pakRepoLocal/AzureGovCloud-150/resources/resources_en.properties"
2026-04-14T15:47:21 INFO [1359479] - vc_ops_logging.logInfo:271 - Resource file: "/storage/db/pakRepoLocal/AzureGovCloud-150/resources/resources_en.properties" does not exist
2026-04-14T15:47:21 DEBUG [1359479] - vc_ops_logging.logDebug:266 - Checking resource file: "/storage/db/pakRepoLocal/AzureGovCloud-150/resources/resources.properties"
2026-04-14T15:47:21 INFO [1359479] - vc_ops_logging.logInfo:271 - Resource file: "/storage/db/pakRepoLocal/AzureGovCloud-150/resources/resources.properties" does not exist
2026-04-14T15:47:21 INFO [1359479] - vcopsPakManager.setupResourceBundle:365 - Failed to load the resource bundle, exception: Failed to find a resource file from list: /storage/db/pakRepoLocal/AzureGovCloud-150/resources/resources_en_US.properties, /storage/db/pakRepoLocal/AzureGovCloud-150/resources/resources_en.properties, /storage/db/pakRepoLocal/AzureGovCloud-150/resources/resources.properties
2026-04-14T15:47:21 DEBUG [1359479] - vcopsPakManager.loadResultValue:438 - Entering load result value for: pak_format
2026-04-14T15:47:21 DEBUG [1359479] - vcopsPakManager.LoadResultsFile:421 - Entering load results file
2026-04-14T15:47:21 DEBUG [1359479] - vcopsPakManager.VerifyPakResultFileExists:368 - Verify the Pak file result file: exists
2026-04-14T15:47:21 DEBUG [1359479] - vcopsPakManager.VerifyPakResultFileExists:370 - The results file: "/storage/db/pakRepoLocal/AzureGovCloud-150/AzureGovCloud-150.results" exists
2026-04-14T15:47:21 DEBUG [1359479] - vcopsPakManagerCommon.LoadJsonDocument:207 - Loaded Json file: "/storage/db/pakRepoLocal/AzureGovCloud-150/AzureGovCloud-150.results"
2026-04-14T15:47:21 DEBUG [1359479] - vcopsPakManager.populateLocalizableFileinResultsFile:411 - No file: 'eula_file'
2026-04-14T15:47:21 DEBUG [1359479] - vcopsPakManager.populateLocalizableFileinResultsFile:411 - No file: 'release_info_file'
2026-04-14T15:47:21 DEBUG [1359479] - vcopsPakManager.loadResultValue:442 - Value for: pak_format is: ""
2026-04-14T15:47:21 DEBUG [1359479] - vcopsPakManager.loadResultValue:447 - Returning key value: ""
2026-04-14T15:47:21 DEBUG [1359479] - vcopsPakManager.returnPakFormat:1759 - The results file pak format is: ""
2026-04-14T15:47:21 DEBUG [1359479] - vcopsPakManager.returnPakFormat:1766 - File: /storage/db/pakRepoLocal/AzureGovCloud-150/AzureGovCloud-150.results
2026-04-14T15:47:21 DEBUG [1359479] - vcopsPakManager.returnPakFormat:1766 - File: /storage/db/pakRepoLocal/AzureGovCloud-150/extracted
2026-04-14T15:47:21 DEBUG [1359479] - vcopsPakManager.returnPakFormat:1769 - The manifest file: "/storage/db/pakRepoLocal/AzureGovCloud-150/extracted/manifest.txt" does exist, try to load it as a json file
2026-04-14T15:47:21 DEBUG [1359479] - vcopsPakManager.returnPakFormat:1774 - The manifest file is valid json, assume new format
2026-04-14T15:47:21 DEBUG [1359479] - vcopsPakManager.CreateResultsFile:477 - Create the results file: /storage/db/pakRepoLocal/AzureGovCloud-150/AzureGovCloud-150.results if it does not already exist
2026-04-14T15:47:21 DEBUG [1359479] - vcopsPakManager.CreateResultsFile:479 - The results file already exists
2026-04-14T15:47:21 DEBUG [1359479] - vcopsPakManager.LoadResultsFile:421 - Entering load results file
2026-04-14T15:47:21 DEBUG [1359479] - vcopsPakManager.VerifyPakResultFileExists:368 - Verify the Pak file result file: exists
2026-04-14T15:47:21 DEBUG [1359479] - vcopsPakManager.VerifyPakResultFileExists:370 - The results file: "/storage/db/pakRepoLocal/AzureGovCloud-150/AzureGovCloud-150.results" exists
2026-04-14T15:47:21 DEBUG [1359479] - vcopsPakManagerCommon.LoadJsonDocument:207 - Loaded Json file: "/storage/db/pakRepoLocal/AzureGovCloud-150/AzureGovCloud-150.results"
2026-04-14T15:47:21 DEBUG [1359479] - vcopsPakManager.populateLocalizableFileinResultsFile:411 - No file: 'eula_file'
2026-04-14T15:47:21 DEBUG [1359479] - vcopsPakManager.populateLocalizableFileinResultsFile:411 - No file: 'release_info_file'
2026-04-14T15:47:21 DEBUG [1359479] - vcopsPakManager.copyManifestToRoot:2660 - Copy manifest file to Pak file repo root
2026-04-14T15:47:21 DEBUG [1359479] - vcopsPakManager.copyManifestToRoot:2665 - Copying the manifest file from: "/storage/db/pakRepoLocal/AzureGovCloud-150/extracted/manifest.txt" to: "/storage/db/pakRepoLocal/AzureGovCloud-150/manifest.txt"
2026-04-14T15:47:21 DEBUG [1359479] - vcopsPakManager.loadManifestValue:1462 - Entering load manifest value for: eula_file
2026-04-14T15:47:21 DEBUG [1359479] - vcopsPakManager.loadManifestValue:1464 - The manifest file has not been loaded, load it now
2026-04-14T15:47:21 DEBUG [1359479] - vcopsPakManager.LoadManifest:1347 - Entering load manifest file
2026-04-14T15:47:21 DEBUG [1359479] - vcopsPakManager.verifyManifestFileExists:638 - Verify manifest file: "/storage/db/pakRepoLocal/AzureGovCloud-150/manifest.txt" exists
2026-04-14T15:47:21 DEBUG [1359479] - vcopsPakManagerCommon.LoadJsonDocument:207 - Loaded Json file: "/storage/db/pakRepoLocal/AzureGovCloud-150/manifest.txt"
2026-04-14T15:47:21 DEBUG [1359479] - vcopsPakManager.returnResourceValue:859 - Localization is not supported for this pak file, return the default value: "Collects resource attributes and cost data from Azure Government Cloud. Monitors 18 resource types including VMs, Managed Disks, Dedicated Hosts (with hourly pricing and capacity tracking), NICs, VNets, Subnets, Storage Accounts, Load Balancers, Key Vaults, SQL Servers/Databases, App Services, Public IPs, ExpressRoute Circuits, Recovery Services Vaults, and Log Analytics Workspaces. Supports parent-child relationships across VM-to-Host and Disk-to-VM hierarchies." for the resource: "Collects resource attributes and cost data from Azure Government Cloud. Monitors 18 resource types including VMs, Managed Disks, Dedicated Hosts (with hourly pricing and capacity tracking), NICs, VNets, Subnets, Storage Accounts, Load Balancers, Key Vaults, SQL Servers/Databases, App Services, Public IPs, ExpressRoute Circuits, Recovery Services Vaults, and Log Analytics Workspaces. Supports parent-child relationships across VM-to-Host and Disk-to-VM hierarchies."
2026-04-14T15:47:21 DEBUG [1359479] - vcopsPakManager.updateLocalizationValue:1317 - Updating the localization pak key: "description" from: "Collects resource attributes and cost data from Azure Government Cloud. Monitors 18 resource types including VMs, Managed Disks, Dedicated Hosts (with hourly pricing and capacity tracking), NICs, VNets, Subnets, Storage Accounts, Load Balancers, Key Vaults, SQL Servers/Databases, App Services, Public IPs, ExpressRoute Circuits, Recovery Services Vaults, and Log Analytics Workspaces. Supports parent-child relationships across VM-to-Host and Disk-to-VM hierarchies." to: "Collects resource attributes and cost data from Azure Government Cloud. Monitors 18 resource types including VMs, Managed Disks, Dedicated Hosts (with hourly pricing and capacity tracking), NICs, VNets, Subnets, Storage Accounts, Load Balancers, Key Vaults, SQL Servers/Databases, App Services, Public IPs, ExpressRoute Circuits, Recovery Services Vaults, and Log Analytics Workspaces. Supports parent-child relationships across VM-to-Host and Disk-to-VM hierarchies."
2026-04-14T15:47:21 DEBUG [1359479] - vcopsPakManager.update_pak_display_name_localization_value:1328 - Entering return pak display name
2026-04-14T15:47:21 DEBUG [1359479] - vcopsPakManager.returnResourceValue:859 - Localization is not supported for this pak file, return the default value: "Azure Government Cloud" for the resource: "Azure Government Cloud"
2026-04-14T15:47:21 DEBUG [1359479] - vcopsPakManager.updateLocalizationValue:1317 - Updating the localization pak key: "display_name" from: "Azure Government Cloud" to: "Azure Government Cloud"
2026-04-14T15:47:21 DEBUG [1359479] - vcopsPakManager.returnResourceValue:859 - Localization is not supported for this pak file, return the default value: "DLA" for the resource: "DLA"
2026-04-14T15:47:21 DEBUG [1359479] - vcopsPakManager.updateLocalizationValue:1317 - Updating the localization pak key: "vendor" from: "DLA" to: "DLA"
2026-04-14T15:47:21 DEBUG [1359479] - vc_ops_logging.logDebug:266 - Locale language code: "en", territory code: "US"
2026-04-14T15:47:21 DEBUG [1359479] - vc_ops_logging.logDebug:266 - Checking resource file: "/storage/db/pakRepoLocal/AzureGovCloud-150/eula_en_US.txt"
2026-04-14T15:47:21 INFO [1359479] - vc_ops_logging.logInfo:271 - Resource file: "/storage/db/pakRepoLocal/AzureGovCloud-150/eula_en_US.txt" does not exist
2026-04-14T15:47:21 DEBUG [1359479] - vc_ops_logging.logDebug:266 - Checking resource file: "/storage/db/pakRepoLocal/AzureGovCloud-150/eula_en.txt"
2026-04-14T15:47:21 INFO [1359479] - vc_ops_logging.logInfo:271 - Resource file: "/storage/db/pakRepoLocal/AzureGovCloud-150/eula_en.txt" does not exist
2026-04-14T15:47:21 DEBUG [1359479] - vc_ops_logging.logDebug:266 - Checking resource file: "/storage/db/pakRepoLocal/AzureGovCloud-150/eula.txt"
2026-04-14T15:47:21 INFO [1359479] - vc_ops_logging.logInfo:271 - Resource file: "/storage/db/pakRepoLocal/AzureGovCloud-150/eula.txt" does not exist
2026-04-14T15:47:21 WARNING [1359479] - vcopsPakManager.loadLocalizableFile:1389 - Failed to load the localized file, returning default: "eula.txt", exception: Failed to find a resource file from list: /storage/db/pakRepoLocal/AzureGovCloud-150/eula_en_US.txt, /storage/db/pakRepoLocal/AzureGovCloud-150/eula_en.txt, /storage/db/pakRepoLocal/AzureGovCloud-150/eula.txt
2026-04-14T15:47:21 DEBUG [1359479] - vcopsPakManager.loadLocalizableFile:1392 - Updating localized file to: "eula.txt"
2026-04-14T15:47:21 DEBUG [1359479] - vcopsPakManager.loadManifestValue:1468 - Value for: eula_file is: "eula.txt"
2026-04-14T15:47:21 DEBUG [1359479] - vcopsPakManager.loadManifestValue:1473 - Returning key value: "eula.txt"
2026-04-14T15:47:21 DEBUG [1359479] - vcopsPakManager.copyExtractedFileToRoot:2722 - The EULA file has been defined, copy it to root
2026-04-14T15:47:21 DEBUG [1359479] - vcopsPakManager.copyExtractedFileToRoot:2736 - Copy EULA file from: "/storage/db/pakRepoLocal/AzureGovCloud-150/extracted/eula.txt" to Pak file repo target: "/storage/db/pakRepoLocal/AzureGovCloud-150/eula.txt"
2026-04-14T15:47:21 DEBUG [1359479] - vcopsPakManager.copyExtractedFileToRoot:2741 - Copying the EULA file from: "/storage/db/pakRepoLocal/AzureGovCloud-150/extracted/eula.txt" to: "/storage/db/pakRepoLocal/AzureGovCloud-150/eula.txt"
2026-04-14T15:47:21 DEBUG [1359479] - vcopsPakManager.loadManifestValue:1462 - Entering load manifest value for: pak_icon
2026-04-14T15:47:21 DEBUG [1359479] - vcopsPakManager.loadManifestValue:1468 - Value for: pak_icon is: "icon.png"
2026-04-14T15:47:21 DEBUG [1359479] - vcopsPakManager.loadManifestValue:1473 - Returning key value: "icon.png"
2026-04-14T15:47:21 DEBUG [1359479] - vcopsPakManager.copyExtractedFileToRoot:2722 - The Pak Icon file has been defined, copy it to root
2026-04-14T15:47:21 DEBUG [1359479] - vcopsPakManager.copyExtractedFileToRoot:2736 - Copy Pak Icon file from: "/storage/db/pakRepoLocal/AzureGovCloud-150/extracted/icon.png" to Pak file repo target: "/storage/db/pakRepoLocal/AzureGovCloud-150/icon.png"
2026-04-14T15:47:21 DEBUG [1359479] - vcopsPakManager.copyExtractedFileToRoot:2741 - Copying the Pak Icon file from: "/storage/db/pakRepoLocal/AzureGovCloud-150/extracted/icon.png" to: "/storage/db/pakRepoLocal/AzureGovCloud-150/icon.png"
2026-04-14T15:47:21 DEBUG [1359479] - vcopsPakManager.StagePakFile:2940 - Pak icon file "/storage/db/pakRepoLocal/AzureGovCloud-150/extracted/icon.png"
2026-04-14T15:47:21 DEBUG [1359479] - vcopsPakManager.verifyPakIconFileFormat:678 - Verify Pak Icon file format: "/storage/db/pakRepoLocal/AzureGovCloud-150/extracted/icon.png"
2026-04-14T15:47:21 DEBUG [1359479] - vcopsPakManager.verifyManifest:1533 - Verify the manifest file
2026-04-14T15:47:21 DEBUG [1359479] - vcopsPakManager.verifyManifest:1534 - Loading the manifest file: "/storage/db/pakRepoLocal/AzureGovCloud-150/manifest.txt"
2026-04-14T15:47:21 DEBUG [1359479] - vcopsPakManager.verifyManifest:1539 - Checking manifest file
2026-04-14T15:47:21 WARNING [1359479] - vcopsPakManager.verifyManifest:1565 - adapter_pre_uninstall_script is not defined: 'adapter_pre_uninstall_script'
2026-04-14T15:47:21 WARNING [1359479] - vcopsPakManager.verifyManifest:1569 - adapter_post_uninstall_script is not defined: 'adapter_post_uninstall_script'
2026-04-14T15:47:21 DEBUG [1359479] - vcopsPakManager.verifyManifest:1583 - Checking the manifest file script sections
2026-04-14T15:47:21 DEBUG [1359479] - vcopsPakManager.loadManifestScriptsValue:1487 - Entering load manifest file script section: pak_validation_script for the script type: validate
2026-04-14T15:47:21 DEBUG [1359479] - vcopsPakManager.loadManifestScriptsValue:1493 - Return the OS agnostic script: "" was supplied
2026-04-14T15:47:21 DEBUG [1359479] - vcopsPakManager.return_expanded_string:872 - Returning the expanded string from: "", updated to: ""
2026-04-14T15:47:21 DEBUG [1359479] - vcopsPakManager.verifyManifest:1585 - A validation script has been defined
2026-04-14T15:47:21 DEBUG [1359479] - vcopsPakManager.loadManifestScriptsValue:1487 - Entering load manifest file script section: new_validation_script for the script type: validate
2026-04-14T15:47:21 DEBUG [1359479] - vcopsPakManager.loadManifestScriptsValue:1496 - An OS agnostic script was not supplied
2026-04-14T15:47:21 DEBUG [1359479] - vcopsPakManager.loadManifestScriptsValue:1498 - The OS specific script key name is: linux_script
2026-04-14T15:47:21 DEBUG [1359479] - vcopsPakManager.loadManifestScriptsValue:1505 - No validate script found, the OS agnostic and OS specific scripts are not defined, exception: 'new_validation_script', returning None
2026-04-14T15:47:21 DEBUG [1359479] - vcopsPakManager.verifyManifest:1589 - A new validation script has been defined
2026-04-14T15:47:21 DEBUG [1359479] - vcopsPakManager.loadManifestScriptsValue:1487 - Entering load manifest file script section: deploy_new_upgrade_content_script for the script type: system_update
2026-04-14T15:47:21 DEBUG [1359479] - vcopsPakManager.loadManifestScriptsValue:1496 - An OS agnostic script was not supplied
2026-04-14T15:47:21 DEBUG [1359479] - vcopsPakManager.loadManifestScriptsValue:1498 - The OS specific script key name is: linux_script
2026-04-14T15:47:21 DEBUG [1359479] - vcopsPakManager.loadManifestScriptsValue:1505 - No system_update script found, the OS agnostic and OS specific scripts are not defined, exception: 'deploy_new_upgrade_content_script', returning None
2026-04-14T15:47:21 DEBUG [1359479] - vcopsPakManager.verifyManifest:1593 - A new content deployment script has been defined
2026-04-14T15:47:21 DEBUG [1359479] - vcopsPakManager.loadManifestScriptsValue:1487 - Entering load manifest file script section: os_update_script for the script type: os_update
2026-04-14T15:47:21 DEBUG [1359479] - vcopsPakManager.loadManifestScriptsValue:1496 - An OS agnostic script was not supplied
2026-04-14T15:47:21 DEBUG [1359479] - vcopsPakManager.loadManifestScriptsValue:1498 - The OS specific script key name is: linux_script
2026-04-14T15:47:21 DEBUG [1359479] - vcopsPakManager.loadManifestScriptsValue:1505 - No os_update script found, the OS agnostic and OS specific scripts are not defined, exception: 'os_update_script', returning None
2026-04-14T15:47:21 DEBUG [1359479] - vcopsPakManager.verifyManifest:1597 - An os update script has been defined
2026-04-14T15:47:21 DEBUG [1359479] - vcopsPakManager.loadManifestScriptsValue:1487 - Entering load manifest file script section: system_update_script for the script type: system_update
2026-04-14T15:47:21 DEBUG [1359479] - vcopsPakManager.loadManifestScriptsValue:1496 - An OS agnostic script was not supplied
2026-04-14T15:47:21 DEBUG [1359479] - vcopsPakManager.loadManifestScriptsValue:1498 - The OS specific script key name is: linux_script
2026-04-14T15:47:21 DEBUG [1359479] - vcopsPakManager.loadManifestScriptsValue:1505 - No system_update script found, the OS agnostic and OS specific scripts are not defined, exception: 'system_update_script', returning None
2026-04-14T15:47:21 DEBUG [1359479] - vcopsPakManager.verifyManifest:1601 - A system update script has been defined
2026-04-14T15:47:21 DEBUG [1359479] - vcopsPakManager.verifyManifest:1609 - Successfully verified the manifest file
2026-04-14T15:47:21 DEBUG [1359479] - vcopsPakManager.verifyPlatform:1405 - Verify running on a supported platform
2026-04-14T15:47:21 DEBUG [1359479] - vcopsPakManager.verifyPlatform:1406 - Loading the manifest file: "/storage/db/pakRepoLocal/AzureGovCloud-150/manifest.txt"
2026-04-14T15:47:21 DEBUG [1359479] - vcopsPakManager.verifyPlatform:1410 - Loading the platform list
2026-04-14T15:47:21 DEBUG [1359479] - vcopsPakManager.verifyPlatform:1419 - Build Info file: "/usr/lib/vmware-vcopssuite-installsupport/.buildInfo"
2026-04-14T15:47:21 DEBUG [1359479] - vcopsPakManager.verifyPlatform:1430 - Running on Linux platform: Linux VA
2026-04-14T15:47:21 DEBUG [1359479] - vcopsPakManager.verifyPlatform:1431 - Supported platforms:
2026-04-14T15:47:21 DEBUG [1359479] - vcopsPakManager.verifyPlatform:1433 -   - Linux Non-VA
2026-04-14T15:47:21 DEBUG [1359479] - vcopsPakManager.verifyPlatform:1433 -   - Linux VA
2026-04-14T15:47:21 DEBUG [1359479] - vcopsPakManager.verifyPlatform:1435 - The platform is supported
2026-04-14T15:47:21 DEBUG [1359479] - vcopsPakManager.customStage:1617 - No new format custom stage work
2026-04-14T15:47:21 DEBUG [1359479] - vcopsPakManager.UpdateFilesInResultsFile:2785 - Adding the manifest,eula, release info and pak icon file names to the results file
2026-04-14T15:47:21 DEBUG [1359479] - vcopsPakManager.loadManifestScriptsValue:1487 - Entering load manifest file script section: os_update_script for the script type: os_update
2026-04-14T15:47:21 DEBUG [1359479] - vcopsPakManager.loadManifestScriptsValue:1496 - An OS agnostic script was not supplied
2026-04-14T15:47:21 DEBUG [1359479] - vcopsPakManager.loadManifestScriptsValue:1498 - The OS specific script key name is: linux_script
2026-04-14T15:47:21 DEBUG [1359479] - vcopsPakManager.loadManifestScriptsValue:1505 - No os_update script found, the OS agnostic and OS specific scripts are not defined, exception: 'os_update_script', returning None
2026-04-14T15:47:21 DEBUG [1359479] - vcopsPakManager.UpdateFilesInResultsFile:2797 - Contains os update is being set to: False
2026-04-14T15:47:21 DEBUG [1359479] - vcopsPakManager.loadManifestScriptsValue:1487 - Entering load manifest file script section: system_update_script for the script type: system_update
2026-04-14T15:47:21 DEBUG [1359479] - vcopsPakManager.loadManifestScriptsValue:1496 - An OS agnostic script was not supplied
2026-04-14T15:47:21 DEBUG [1359479] - vcopsPakManager.loadManifestScriptsValue:1498 - The OS specific script key name is: linux_script
2026-04-14T15:47:21 DEBUG [1359479] - vcopsPakManager.loadManifestScriptsValue:1505 - No system_update script found, the OS agnostic and OS specific scripts are not defined, exception: 'system_update_script', returning None
2026-04-14T15:47:21 DEBUG [1359479] - vcopsPakManager.UpdateFilesInResultsFile:2803 - Contains system update is being set to: False
2026-04-14T15:47:21 DEBUG [1359479] - vcopsPakManager.loadManifestValue:1462 - Entering load manifest value for: adapters
2026-04-14T15:47:21 DEBUG [1359479] - vcopsPakManager.loadManifestValue:1468 - Value for: adapters is: "['adapter.zip']"
2026-04-14T15:47:21 DEBUG [1359479] - vcopsPakManager.loadManifestValue:1473 - Returning key value: "['adapter.zip']"
2026-04-14T15:47:21 DEBUG [1359479] - vcopsPakManager.returnAdapterFiles:1643 - Adapters to install:
2026-04-14T15:47:21 DEBUG [1359479] - vcopsPakManager.returnAdapterFiles:1646 -   - /storage/db/pakRepoLocal/AzureGovCloud-150/extracted/adapter.zip
2026-04-14T15:47:21 DEBUG [1359479] - vcopsPakManager.UpdateFilesInResultsFile:2809 - Contains adapter is being set to: True
2026-04-14T15:47:21 DEBUG [1359479] - vcopsPakManager.loadManifestScriptsValue:1487 - Entering load manifest file script section: adapter_pre_script for the script type: apply_adapter_pre_script
2026-04-14T15:47:21 DEBUG [1359479] - vcopsPakManager.loadManifestScriptsValue:1493 - Return the OS agnostic script: "" was supplied
2026-04-14T15:47:21 DEBUG [1359479] - vcopsPakManager.return_expanded_string:872 - Returning the expanded string from: "", updated to: ""
2026-04-14T15:47:21 DEBUG [1359479] - vcopsPakManager.UpdateFilesInResultsFile:2815 - Contains adapter pre script is being set to: False
2026-04-14T15:47:21 DEBUG [1359479] - vcopsPakManager.loadManifestScriptsValue:1487 - Entering load manifest file script section: adapter_post_script for the script type: apply_adapter_post_script
2026-04-14T15:47:21 DEBUG [1359479] - vcopsPakManager.loadManifestScriptsValue:1493 - Return the OS agnostic script: "" was supplied
2026-04-14T15:47:21 DEBUG [1359479] - vcopsPakManager.return_expanded_string:872 - Returning the expanded string from: "", updated to: ""
2026-04-14T15:47:21 DEBUG [1359479] - vcopsPakManager.UpdateFilesInResultsFile:2821 - Contains adapter post script is being set to: False
2026-04-14T15:47:21 DEBUG [1359479] - vcopsPakManager.loadManifestScriptsValue:1487 - Entering load manifest file script section: adapter_pre_uninstall_script for the script type: apply_adapter_pre_uninstall_script
2026-04-14T15:47:21 DEBUG [1359479] - vcopsPakManager.loadManifestScriptsValue:1496 - An OS agnostic script was not supplied
2026-04-14T15:47:21 DEBUG [1359479] - vcopsPakManager.loadManifestScriptsValue:1498 - The OS specific script key name is: linux_script
2026-04-14T15:47:21 DEBUG [1359479] - vcopsPakManager.loadManifestScriptsValue:1505 - No apply_adapter_pre_uninstall_script script found, the OS agnostic and OS specific scripts are not defined, exception: 'adapter_pre_uninstall_script', returning None
2026-04-14T15:47:21 DEBUG [1359479] - vcopsPakManager.UpdateFilesInResultsFile:2827 - Contains adapter pre uninstall script is being set to: False
2026-04-14T15:47:21 DEBUG [1359479] - vcopsPakManager.loadManifestScriptsValue:1487 - Entering load manifest file script section: adapter_post_uninstall_script for the script type: apply_adapter_post_uninstall_script
2026-04-14T15:47:21 DEBUG [1359479] - vcopsPakManager.loadManifestScriptsValue:1496 - An OS agnostic script was not supplied
2026-04-14T15:47:21 DEBUG [1359479] - vcopsPakManager.loadManifestScriptsValue:1498 - The OS specific script key name is: linux_script
2026-04-14T15:47:21 DEBUG [1359479] - vcopsPakManager.loadManifestScriptsValue:1505 - No apply_adapter_post_uninstall_script script found, the OS agnostic and OS specific scripts are not defined, exception: 'adapter_post_uninstall_script', returning None
2026-04-14T15:47:21 DEBUG [1359479] - vcopsPakManager.UpdateFilesInResultsFile:2833 - Contains adapter post uninstall script is being set to: False
2026-04-14T15:47:21 DEBUG [1359479] - vcopsPakManager.CreateResultsFile:477 - Create the results file: /storage/db/pakRepoLocal/AzureGovCloud-150/AzureGovCloud-150.results if it does not already exist
2026-04-14T15:47:21 DEBUG [1359479] - vcopsPakManager.CreateResultsFile:479 - The results file already exists
2026-04-14T15:47:21 DEBUG [1359479] - vcopsPakManager.LoadResultsFile:421 - Entering load results file
2026-04-14T15:47:21 DEBUG [1359479] - vcopsPakManager.VerifyPakResultFileExists:368 - Verify the Pak file result file: exists
2026-04-14T15:47:21 DEBUG [1359479] - vcopsPakManager.VerifyPakResultFileExists:370 - The results file: "/storage/db/pakRepoLocal/AzureGovCloud-150/AzureGovCloud-150.results" exists
2026-04-14T15:47:21 DEBUG [1359479] - vcopsPakManagerCommon.LoadJsonDocument:207 - Loaded Json file: "/storage/db/pakRepoLocal/AzureGovCloud-150/AzureGovCloud-150.results"
2026-04-14T15:47:21 DEBUG [1359479] - vcopsPakManager.populateLocalizableFileinResultsFile:411 - No file: 'eula_file'
2026-04-14T15:47:21 DEBUG [1359479] - vcopsPakManager.populateLocalizableFileinResultsFile:411 - No file: 'release_info_file'
2026-04-14T15:47:21 WARNING [1359479] - vcopsPakManager.StagePakFile:2958 - "--stage_cprc_pak" id given but there is no such pak available at: "/storage/db/pakRepoLocal/AzureGovCloud-150/extracted/proxy-remote-collector/*.pak"
2026-04-14T15:47:21 DEBUG [1359479] - vcopsPakManager.UpdateResultsFile:531 - Entering update the results file with the result: "Completed successfully", exit code: "0", action: "stage"
2026-04-14T15:47:21 DEBUG [1359479] - vcopsPakManager.UpdateResultsFile:538 - The results file: "/storage/db/pakRepoLocal/AzureGovCloud-150/AzureGovCloud-150.results" exists
2026-04-14T15:47:21 DEBUG [1359479] - vcopsPakManager.loadResultValue:438 - Entering load result value for: stage_exit_code
2026-04-14T15:47:21 DEBUG [1359479] - vcopsPakManager.LoadResultsFile:421 - Entering load results file
2026-04-14T15:47:21 DEBUG [1359479] - vcopsPakManager.VerifyPakResultFileExists:368 - Verify the Pak file result file: exists
2026-04-14T15:47:21 DEBUG [1359479] - vcopsPakManager.VerifyPakResultFileExists:370 - The results file: "/storage/db/pakRepoLocal/AzureGovCloud-150/AzureGovCloud-150.results" exists
2026-04-14T15:47:21 DEBUG [1359479] - vcopsPakManagerCommon.LoadJsonDocument:207 - Loaded Json file: "/storage/db/pakRepoLocal/AzureGovCloud-150/AzureGovCloud-150.results"
2026-04-14T15:47:21 DEBUG [1359479] - vc_ops_logging.logDebug:266 - Locale language code: "en", territory code: "US"
2026-04-14T15:47:21 DEBUG [1359479] - vc_ops_logging.logDebug:266 - Checking resource file: "/storage/db/pakRepoLocal/AzureGovCloud-150/eula_en_US.txt"
2026-04-14T15:47:21 INFO [1359479] - vc_ops_logging.logInfo:271 - Resource file: "/storage/db/pakRepoLocal/AzureGovCloud-150/eula_en_US.txt" does not exist
2026-04-14T15:47:21 DEBUG [1359479] - vc_ops_logging.logDebug:266 - Checking resource file: "/storage/db/pakRepoLocal/AzureGovCloud-150/eula_en.txt"
2026-04-14T15:47:21 INFO [1359479] - vc_ops_logging.logInfo:271 - Resource file: "/storage/db/pakRepoLocal/AzureGovCloud-150/eula_en.txt" does not exist
2026-04-14T15:47:21 DEBUG [1359479] - vc_ops_logging.logDebug:266 - Checking resource file: "/storage/db/pakRepoLocal/AzureGovCloud-150/eula.txt"
2026-04-14T15:47:21 DEBUG [1359479] - vc_ops_logging.logDebug:266 - Resource file: "/storage/db/pakRepoLocal/AzureGovCloud-150/eula.txt" exists, use it
2026-04-14T15:47:21 DEBUG [1359479] - vc_ops_logging.logDebug:266 - Return resource file: "/storage/db/pakRepoLocal/AzureGovCloud-150/eula.txt"
2026-04-14T15:47:21 DEBUG [1359479] - vcopsPakManager.populateLocalizableFileinResultsFile:405 - localizedFile = eula.txt
2026-04-14T15:47:21 DEBUG [1359479] - vcopsPakManager.populateLocalizableFileinResultsFile:411 - No file: 'release_info_file'
2026-04-14T15:47:21 DEBUG [1359479] - vcopsPakManager.loadResultValue:442 - Value for: stage_exit_code is: ""
2026-04-14T15:47:21 DEBUG [1359479] - vcopsPakManager.loadResultValue:447 - Returning key value: ""
2026-04-14T15:47:21 DEBUG [1359479] - vcopsPakManager.UpdateResultsFile:545 - Updating the results file action: stage with the value: Completed successfully
2026-04-14T15:47:21 DEBUG [1359479] - vcopsPakManager.UpdateResultsFile:562 - Skip resource info
2026-04-14T15:47:21 DEBUG [1359479] - vcopsPakManager.UpdateResultsFile:568 - Skip updating the action log file
2026-04-14T15:47:21 DEBUG [1359479] - vcopsPakManager.UpdateResultsFile:572 - Skip updating the action error log file
2026-04-14T15:47:21 DEBUG [1359479] - vcopsPakManager.CreateResultsFile:477 - Create the results file: /storage/db/pakRepoLocal/AzureGovCloud-150/AzureGovCloud-150.results if it does not already exist
2026-04-14T15:47:21 DEBUG [1359479] - vcopsPakManager.CreateResultsFile:479 - The results file already exists
2026-04-14T15:47:21 DEBUG [1359479] - vcopsPakManager.LoadResultsFile:421 - Entering load results file
2026-04-14T15:47:21 DEBUG [1359479] - vcopsPakManager.VerifyPakResultFileExists:368 - Verify the Pak file result file: exists
2026-04-14T15:47:21 DEBUG [1359479] - vcopsPakManager.VerifyPakResultFileExists:370 - The results file: "/storage/db/pakRepoLocal/AzureGovCloud-150/AzureGovCloud-150.results" exists
2026-04-14T15:47:21 DEBUG [1359479] - vcopsPakManagerCommon.LoadJsonDocument:207 - Loaded Json file: "/storage/db/pakRepoLocal/AzureGovCloud-150/AzureGovCloud-150.results"
2026-04-14T15:47:21 DEBUG [1359479] - vc_ops_logging.logDebug:266 - Locale language code: "en", territory code: "US"
2026-04-14T15:47:21 DEBUG [1359479] - vc_ops_logging.logDebug:266 - Checking resource file: "/storage/db/pakRepoLocal/AzureGovCloud-150/eula_en_US.txt"
2026-04-14T15:47:21 INFO [1359479] - vc_ops_logging.logInfo:271 - Resource file: "/storage/db/pakRepoLocal/AzureGovCloud-150/eula_en_US.txt" does not exist
2026-04-14T15:47:21 DEBUG [1359479] - vc_ops_logging.logDebug:266 - Checking resource file: "/storage/db/pakRepoLocal/AzureGovCloud-150/eula_en.txt"
2026-04-14T15:47:21 INFO [1359479] - vc_ops_logging.logInfo:271 - Resource file: "/storage/db/pakRepoLocal/AzureGovCloud-150/eula_en.txt" does not exist
2026-04-14T15:47:21 DEBUG [1359479] - vc_ops_logging.logDebug:266 - Checking resource file: "/storage/db/pakRepoLocal/AzureGovCloud-150/eula.txt"
2026-04-14T15:47:21 DEBUG [1359479] - vc_ops_logging.logDebug:266 - Resource file: "/storage/db/pakRepoLocal/AzureGovCloud-150/eula.txt" exists, use it
2026-04-14T15:47:21 DEBUG [1359479] - vc_ops_logging.logDebug:266 - Return resource file: "/storage/db/pakRepoLocal/AzureGovCloud-150/eula.txt"
2026-04-14T15:47:21 DEBUG [1359479] - vcopsPakManager.populateLocalizableFileinResultsFile:405 - localizedFile = eula.txt
2026-04-14T15:47:21 DEBUG [1359479] - vcopsPakManager.populateLocalizableFileinResultsFile:411 - No file: 'release_info_file'
2026-04-14T15:47:21 DEBUG [1359479] - vcopsPakManager.UpdatePakRepoLocalHistoryFile:504 - Entering load history file
2026-04-14T15:47:21 DEBUG [1359479] - vcopsPakManager.UpdatePakRepoLocalHistoryFile:506 - The history file: "/storage/db/pakRepoLocal/vcopsPakManagerCommonHistory.json" exists
2026-04-14T15:47:21 DEBUG [1359479] - vcopsPakManagerCommon.LoadJsonDocument:207 - Loaded Json file: "/storage/db/pakRepoLocal/vcopsPakManagerCommonHistory.json"
