2026-04-14T15:47:54 DEBUG [1361548] - vcopsPakManager.read_arguments:4159 - Input params:
2026-04-14T15:47:54 DEBUG [1361548] - vcopsPakManager.read_arguments:4160 -   - action: "post_apply_adapter"
2026-04-14T15:47:54 DEBUG [1361548] - vcopsPakManager.read_arguments:4161 -   - pakFile: "AzureGovCloud-150"
2026-04-14T15:47:54 DEBUG [1361548] - vcopsPakManager.read_arguments:4162 -   - locale: "None"
2026-04-14T15:47:54 DEBUG [1361548] - vcopsPakManager.read_arguments:4163 -   - Remove History Action: "None"
2026-04-14T15:47:54 DEBUG [1361548] - vcopsPakManager.read_arguments:4164 -   - Remove Pak Action: False
2026-04-14T15:47:54 DEBUG [1361548] - vcopsPakManager.read_arguments:4165 -   - Skip: False
2026-04-14T15:47:54 DEBUG [1361548] - vcopsPakManager.read_arguments:4166 -   - Force: False
2026-04-14T15:47:54 DEBUG [1361548] - vcopsPakManager.read_arguments:4167 -   - Force content update: True
2026-04-14T15:47:54 DEBUG [1361548] - vcopsPakManager.read_arguments:4168 -   - Results action to update: "None"
2026-04-14T15:47:54 DEBUG [1361548] - vcopsPakManager.read_arguments:4169 -   - Results exit code: None
2026-04-14T15:47:54 DEBUG [1361548] - vcopsPakManager.read_arguments:4170 -   - Results exit message: "None"
2026-04-14T15:47:54 DEBUG [1361548] - vcopsPakManager.read_arguments:4171 -   - Results resource message key: "None"
2026-04-14T15:47:54 DEBUG [1361548] - vcopsPakManager.read_arguments:4172 -   - Results resource args: None
2026-04-14T15:47:54 DEBUG [1361548] - vcopsPakManager.read_arguments:4173 -   - Results resrouce dir: "None"
2026-04-14T15:47:54 DEBUG [1361548] - vcopsPakManager.read_arguments:4178 -   - Auth Token Passed: True
2026-04-14T15:47:54 DEBUG [1361548] - vcopsPakManager.main:4295 - In: post_apply_adapter
2026-04-14T15:47:54 DEBUG [1361548] - vcopsPakManager.returnPakFormat:1754 - Checking pak file: "AzureGovCloud-150" format
2026-04-14T15:47:54 DEBUG [1361548] - vc_ops_logging.logDebug:266 - Locale language code: "en", territory code: "US"
2026-04-14T15:47:54 DEBUG [1361548] - vc_ops_logging.logDebug:266 - Checking resource file: "/storage/db/pakRepoLocal/AzureGovCloud-150/resources/resources_en_US.properties"
2026-04-14T15:47:54 INFO [1361548] - vc_ops_logging.logInfo:271 - Resource file: "/storage/db/pakRepoLocal/AzureGovCloud-150/resources/resources_en_US.properties" does not exist
2026-04-14T15:47:54 DEBUG [1361548] - vc_ops_logging.logDebug:266 - Checking resource file: "/storage/db/pakRepoLocal/AzureGovCloud-150/resources/resources_en.properties"
2026-04-14T15:47:54 INFO [1361548] - vc_ops_logging.logInfo:271 - Resource file: "/storage/db/pakRepoLocal/AzureGovCloud-150/resources/resources_en.properties" does not exist
2026-04-14T15:47:54 DEBUG [1361548] - vc_ops_logging.logDebug:266 - Checking resource file: "/storage/db/pakRepoLocal/AzureGovCloud-150/resources/resources.properties"
2026-04-14T15:47:54 DEBUG [1361548] - vc_ops_logging.logDebug:266 - Resource file: "/storage/db/pakRepoLocal/AzureGovCloud-150/resources/resources.properties" exists, use it
2026-04-14T15:47:54 DEBUG [1361548] - vc_ops_logging.logDebug:266 - Return resource file: "/storage/db/pakRepoLocal/AzureGovCloud-150/resources/resources.properties"
2026-04-14T15:47:54 DEBUG [1361548] - vc_ops_logging.logDebug:266 - Locale language code: "en", territory code: "US"
2026-04-14T15:47:54 DEBUG [1361548] - vc_ops_logging.logDebug:266 - Checking resource file: "/storage/db/pakRepoLocal/AzureGovCloud-150/resources/resources_en_US.properties"
2026-04-14T15:47:54 INFO [1361548] - vc_ops_logging.logInfo:271 - Resource file: "/storage/db/pakRepoLocal/AzureGovCloud-150/resources/resources_en_US.properties" does not exist
2026-04-14T15:47:54 DEBUG [1361548] - vc_ops_logging.logDebug:266 - Checking resource file: "/storage/db/pakRepoLocal/AzureGovCloud-150/resources/resources_en.properties"
2026-04-14T15:47:54 INFO [1361548] - vc_ops_logging.logInfo:271 - Resource file: "/storage/db/pakRepoLocal/AzureGovCloud-150/resources/resources_en.properties" does not exist
2026-04-14T15:47:54 DEBUG [1361548] - vc_ops_logging.logDebug:266 - Checking resource file: "/storage/db/pakRepoLocal/AzureGovCloud-150/resources/resources.properties"
2026-04-14T15:47:54 DEBUG [1361548] - vc_ops_logging.logDebug:266 - Resource file: "/storage/db/pakRepoLocal/AzureGovCloud-150/resources/resources.properties" exists, use it
2026-04-14T15:47:54 DEBUG [1361548] - vc_ops_logging.logDebug:266 - Return resource file: "/storage/db/pakRepoLocal/AzureGovCloud-150/resources/resources.properties"
2026-04-14T15:47:54 DEBUG [1361548] - vcopsPakManager.loadResultValue:438 - Entering load result value for: pak_format
2026-04-14T15:47:54 DEBUG [1361548] - vcopsPakManager.LoadResultsFile:421 - Entering load results file
2026-04-14T15:47:54 DEBUG [1361548] - vcopsPakManager.VerifyPakResultFileExists:368 - Verify the Pak file result file: exists
2026-04-14T15:47:54 DEBUG [1361548] - vcopsPakManager.VerifyPakResultFileExists:370 - The results file: "/storage/db/pakRepoLocal/AzureGovCloud-150/AzureGovCloud-150.results" exists
2026-04-14T15:47:54 DEBUG [1361548] - vcopsPakManagerCommon.LoadJsonDocument:207 - Loaded Json file: "/storage/db/pakRepoLocal/AzureGovCloud-150/AzureGovCloud-150.results"
2026-04-14T15:47:54 DEBUG [1361548] - vcopsPakManager.populateLocalizableFileinResultsFile:411 - No file: 'ApplyAdapterAction' object has no attribute 'pakName'
2026-04-14T15:47:54 DEBUG [1361548] - vcopsPakManager.populateLocalizableFileinResultsFile:411 - No file: 'release_info_file'
2026-04-14T15:47:54 DEBUG [1361548] - vcopsPakManager.loadResultValue:442 - Value for: pak_format is: "6.x"
2026-04-14T15:47:54 DEBUG [1361548] - vcopsPakManager.loadResultValue:447 - Returning key value: "6.x"
2026-04-14T15:47:54 DEBUG [1361548] - vcopsPakManager.returnPakFormat:1759 - The results file pak format is: "6.x"
2026-04-14T15:47:54 DEBUG [1361548] - vc_ops_logging.logDebug:266 - Locale language code: "en", territory code: "US"
2026-04-14T15:47:54 DEBUG [1361548] - vc_ops_logging.logDebug:266 - Checking resource file: "/storage/db/pakRepoLocal/AzureGovCloud-150/resources/resources_en_US.properties"
2026-04-14T15:47:54 INFO [1361548] - vc_ops_logging.logInfo:271 - Resource file: "/storage/db/pakRepoLocal/AzureGovCloud-150/resources/resources_en_US.properties" does not exist
2026-04-14T15:47:54 DEBUG [1361548] - vc_ops_logging.logDebug:266 - Checking resource file: "/storage/db/pakRepoLocal/AzureGovCloud-150/resources/resources_en.properties"
2026-04-14T15:47:54 INFO [1361548] - vc_ops_logging.logInfo:271 - Resource file: "/storage/db/pakRepoLocal/AzureGovCloud-150/resources/resources_en.properties" does not exist
2026-04-14T15:47:54 DEBUG [1361548] - vc_ops_logging.logDebug:266 - Checking resource file: "/storage/db/pakRepoLocal/AzureGovCloud-150/resources/resources.properties"
2026-04-14T15:47:54 DEBUG [1361548] - vc_ops_logging.logDebug:266 - Resource file: "/storage/db/pakRepoLocal/AzureGovCloud-150/resources/resources.properties" exists, use it
2026-04-14T15:47:54 DEBUG [1361548] - vc_ops_logging.logDebug:266 - Return resource file: "/storage/db/pakRepoLocal/AzureGovCloud-150/resources/resources.properties"
2026-04-14T15:47:54 DEBUG [1361548] - vcopsPakManager.__init__:1700 - Added env variable: 'ALIVE_BASE' = '/usr/lib/vmware-vcops'
2026-04-14T15:47:54 DEBUG [1361548] - vcopsPakManager.__init__:1700 - Added env variable: 'VCOPS_BASE' = '/usr/lib/vmware-vcops'
2026-04-14T15:47:54 DEBUG [1361548] - vcopsPakManager.__init__:1700 - Added env variable: 'GEMFIRE_HOME' = '/usr/lib/vmware-vcops/gemfire'
2026-04-14T15:47:54 DEBUG [1361548] - vcopsPakManager.__init__:1700 - Added env variable: 'JRE_HOME' = '/usr/java/default'
2026-04-14T15:47:54 DEBUG [1361548] - vcopsPakManager.__init__:1700 - Added env variable: 'VCOPS_DATA' = '/data'
2026-04-14T15:47:54 DEBUG [1361548] - vcopsPakManager.__init__:1700 - Added env variable: 'VCOPS_DATA_VCOPS' = '/data/vcops'
2026-04-14T15:47:54 DEBUG [1361548] - vcopsPakManager.__init__:1700 - Added env variable: 'STORAGE' = '/storage'
2026-04-14T15:47:54 DEBUG [1361548] - vcopsPakManager.__init__:1700 - Added env variable: 'STORAGE_LOG_VCOPS' = '/storage/log/vcops'
2026-04-14T15:47:54 DEBUG [1361548] - vcopsPakManager.__init__:1700 - Added env variable: 'STORAGE_DB_VCOPS' = '/storage/db/vcops'
2026-04-14T15:47:54 DEBUG [1361548] - vcopsPakManager.__init__:1700 - Added env variable: 'VMWARE_JAVA_HOME' = '/usr/java/default'
2026-04-14T15:47:54 DEBUG [1361548] - vcopsPakManager.__init__:1700 - Added env variable: 'VMWARE_PYTHON_BIN' = '/usr/bin/python'
2026-04-14T15:47:54 DEBUG [1361548] - vcopsPakManager.__init__:1700 - Added env variable: 'VMWARE_PYTHON_3_BIN' = '/usr/bin/python'
2026-04-14T15:47:54 DEBUG [1361548] - vcopsPakManager.__init__:1700 - Added env variable: 'VMWARE_TCROOT' = '/usr/share/tomcat'
2026-04-14T15:47:54 DEBUG [1361548] - vcopsPakManager.__init__:1700 - Added env variable: 'STORAGE_CORE_VCOPS' = '/storage/core'
2026-04-14T15:47:54 DEBUG [1361548] - vcopsPakManager.__init__:1700 - Added env variable: 'VMWARE_VPOSTGRES_ROOT' = '/opt/vmware/vpostgres/current'
2026-04-14T15:47:54 DEBUG [1361548] - vcopsPakManager.__init__:1700 - Added env variable: 'VCOPS_TEMP' = '/storage/db/tmp'
2026-04-14T15:47:54 DEBUG [1361548] - vcopsPakManager.__init__:1700 - Added env variable: 'VCOPS_USER' = 'admin'
2026-04-14T15:47:54 DEBUG [1361548] - vcopsPakManager.__init__:1700 - Added env variable: 'VCOPS_GROUP' = 'admin'
2026-04-14T15:47:54 DEBUG [1361548] - vcopsPakManager.__init__:1700 - Added env variable: 'PAGER' = 'cat'
2026-04-14T15:47:54 DEBUG [1361548] - vcopsPakManager.__init__:1700 - Added env variable: 'CASSANDRA_CONF' = '/usr/lib/vmware-vcops/user/conf/cassandra'
2026-04-14T15:47:54 DEBUG [1361548] - vcopsPakManager.__init__:1700 - Added env variable: 'PGSSLCERT' = '/storage/vcops/user/conf/ssl/postgres_vcops_cert.pem'
2026-04-14T15:47:54 DEBUG [1361548] - vcopsPakManager.__init__:1700 - Added env variable: 'PGSSLKEY' = '/storage/vcops/user/conf/ssl/postgres_vcops_key.pem'
2026-04-14T15:47:54 DEBUG [1361548] - vcopsPakManagerCommon.LoadJsonDocument:207 - Loaded Json file: "/storage/db/pakRepoLocal/AzureGovCloud-150/AzureGovCloud-150.results"
2026-04-14T15:47:54 DEBUG [1361548] - vcopsPakManager.checkActionPreReqs:2378 - Checking dependency: "stage"
2026-04-14T15:47:54 DEBUG [1361548] - vcopsPakManager.VerifyActionSuccessfullyCompleted:1835 - Entering verify action: stage
2026-04-14T15:47:54 DEBUG [1361548] - vcopsPakManager.VerifyActionSuccessfullyCompleted:1844 - Checking if "stage_exit_code" key exists
2026-04-14T15:47:54 DEBUG [1361548] - vcopsPakManager.VerifyActionSuccessfullyCompleted:1870 - stage result: "0"
2026-04-14T15:47:54 DEBUG [1361548] - vcopsPakManager.VerifyActionSuccessfullyCompleted:1872 - The action: stage successfully completed on pak file: "AzureGovCloud-150"
2026-04-14T15:47:54 DEBUG [1361548] - vcopsPakManager.loadManifestValue:1462 - Entering load manifest value for: adapters
2026-04-14T15:47:54 DEBUG [1361548] - vcopsPakManager.loadManifestValue:1464 - The manifest file has not been loaded, load it now
2026-04-14T15:47:54 DEBUG [1361548] - vcopsPakManager.LoadManifest:1347 - Entering load manifest file
2026-04-14T15:47:54 DEBUG [1361548] - vcopsPakManager.verifyManifestFileExists:638 - Verify manifest file: "/storage/db/pakRepoLocal/AzureGovCloud-150/manifest.txt" exists
2026-04-14T15:47:54 DEBUG [1361548] - vcopsPakManagerCommon.LoadJsonDocument:207 - Loaded Json file: "/storage/db/pakRepoLocal/AzureGovCloud-150/manifest.txt"
2026-04-14T15:47:54 WARNING [1361548] - vc_ops_logging.logWarning:276 - Failed to find a value for: "Collects resource attributes and cost data from Azure Government Cloud. Monitors 18 resource types including VMs, Managed Disks, Dedicated Hosts (with hourly pricing and capacity tracking), NICs, VNets, Subnets, Storage Accounts, Load Balancers, Key Vaults, SQL Servers/Databases, App Services, Public IPs, ExpressRoute Circuits, Recovery Services Vaults, and Log Analytics Workspaces. Supports parent-child relationships across VM-to-Host and Disk-to-VM hierarchies.", exception: No option 'collects resource attributes and cost data from azure government cloud. monitors 18 resource types including vms, managed disks, dedicated hosts (with hourly pricing and capacity tracking), nics, vnets, subnets, storage accounts, load balancers, key vaults, sql servers/databases, app services, public ips, expressroute circuits, recovery services vaults, and log analytics workspaces. supports parent-child relationships across vm-to-host and disk-to-vm hierarchies.' in section: 'no-section', setting default value to: Collects resource attributes and cost data from Azure Government Cloud. Monitors 18 resource types including VMs, Managed Disks, Dedicated Hosts (with hourly pricing and capacity tracking), NICs, VNets, Subnets, Storage Accounts, Load Balancers, Key Vaults, SQL Servers/Databases, App Services, Public IPs, ExpressRoute Circuits, Recovery Services Vaults, and Log Analytics Workspaces. Supports parent-child relationships across VM-to-Host and Disk-to-VM hierarchies.
2026-04-14T15:47:54 DEBUG [1361548] - vcopsPakManager.returnResourceValue:862 - Return the resource value: "Collects resource attributes and cost data from Azure Government Cloud. Monitors 18 resource types including VMs, Managed Disks, Dedicated Hosts (with hourly pricing and capacity tracking), NICs, VNets, Subnets, Storage Accounts, Load Balancers, Key Vaults, SQL Servers/Databases, App Services, Public IPs, ExpressRoute Circuits, Recovery Services Vaults, and Log Analytics Workspaces. Supports parent-child relationships across VM-to-Host and Disk-to-VM hierarchies." for the resource: "Collects resource attributes and cost data from Azure Government Cloud. Monitors 18 resource types including VMs, Managed Disks, Dedicated Hosts (with hourly pricing and capacity tracking), NICs, VNets, Subnets, Storage Accounts, Load Balancers, Key Vaults, SQL Servers/Databases, App Services, Public IPs, ExpressRoute Circuits, Recovery Services Vaults, and Log Analytics Workspaces. Supports parent-child relationships across VM-to-Host and Disk-to-VM hierarchies."
2026-04-14T15:47:54 DEBUG [1361548] - vcopsPakManager.updateLocalizationValue:1317 - Updating the localization pak key: "description" from: "Collects resource attributes and cost data from Azure Government Cloud. Monitors 18 resource types including VMs, Managed Disks, Dedicated Hosts (with hourly pricing and capacity tracking), NICs, VNets, Subnets, Storage Accounts, Load Balancers, Key Vaults, SQL Servers/Databases, App Services, Public IPs, ExpressRoute Circuits, Recovery Services Vaults, and Log Analytics Workspaces. Supports parent-child relationships across VM-to-Host and Disk-to-VM hierarchies." to: "Collects resource attributes and cost data from Azure Government Cloud. Monitors 18 resource types including VMs, Managed Disks, Dedicated Hosts (with hourly pricing and capacity tracking), NICs, VNets, Subnets, Storage Accounts, Load Balancers, Key Vaults, SQL Servers/Databases, App Services, Public IPs, ExpressRoute Circuits, Recovery Services Vaults, and Log Analytics Workspaces. Supports parent-child relationships across VM-to-Host and Disk-to-VM hierarchies."
2026-04-14T15:47:54 DEBUG [1361548] - vcopsPakManager.update_pak_display_name_localization_value:1328 - Entering return pak display name
2026-04-14T15:47:54 WARNING [1361548] - vc_ops_logging.logWarning:276 - Failed to find a value for: "Azure Government Cloud", exception: No option 'azure government cloud' in section: 'no-section', setting default value to: Azure Government Cloud
2026-04-14T15:47:54 DEBUG [1361548] - vcopsPakManager.returnResourceValue:862 - Return the resource value: "Azure Government Cloud" for the resource: "Azure Government Cloud"
2026-04-14T15:47:54 DEBUG [1361548] - vcopsPakManager.updateLocalizationValue:1317 - Updating the localization pak key: "display_name" from: "Azure Government Cloud" to: "Azure Government Cloud"
2026-04-14T15:47:54 WARNING [1361548] - vc_ops_logging.logWarning:276 - Failed to find a value for: "DLA", exception: No option 'dla' in section: 'no-section', setting default value to: DLA
2026-04-14T15:47:54 DEBUG [1361548] - vcopsPakManager.returnResourceValue:862 - Return the resource value: "DLA" for the resource: "DLA"
2026-04-14T15:47:54 DEBUG [1361548] - vcopsPakManager.updateLocalizationValue:1317 - Updating the localization pak key: "vendor" from: "DLA" to: "DLA"
2026-04-14T15:47:54 DEBUG [1361548] - vc_ops_logging.logDebug:266 - Locale language code: "en", territory code: "US"
2026-04-14T15:47:54 DEBUG [1361548] - vc_ops_logging.logDebug:266 - Checking resource file: "/storage/db/pakRepoLocal/AzureGovCloud-150/eula_en_US.txt"
2026-04-14T15:47:54 INFO [1361548] - vc_ops_logging.logInfo:271 - Resource file: "/storage/db/pakRepoLocal/AzureGovCloud-150/eula_en_US.txt" does not exist
2026-04-14T15:47:54 DEBUG [1361548] - vc_ops_logging.logDebug:266 - Checking resource file: "/storage/db/pakRepoLocal/AzureGovCloud-150/eula_en.txt"
2026-04-14T15:47:54 INFO [1361548] - vc_ops_logging.logInfo:271 - Resource file: "/storage/db/pakRepoLocal/AzureGovCloud-150/eula_en.txt" does not exist
2026-04-14T15:47:54 DEBUG [1361548] - vc_ops_logging.logDebug:266 - Checking resource file: "/storage/db/pakRepoLocal/AzureGovCloud-150/eula.txt"
2026-04-14T15:47:54 DEBUG [1361548] - vc_ops_logging.logDebug:266 - Resource file: "/storage/db/pakRepoLocal/AzureGovCloud-150/eula.txt" exists, use it
2026-04-14T15:47:54 DEBUG [1361548] - vc_ops_logging.logDebug:266 - Return resource file: "/storage/db/pakRepoLocal/AzureGovCloud-150/eula.txt"
2026-04-14T15:47:54 DEBUG [1361548] - vcopsPakManager.loadLocalizableFile:1392 - Updating localized file to: "eula.txt"
2026-04-14T15:47:54 DEBUG [1361548] - vcopsPakManager.loadManifestValue:1468 - Value for: adapters is: "['adapter.zip']"
2026-04-14T15:47:54 DEBUG [1361548] - vcopsPakManager.loadManifestValue:1473 - Returning key value: "['adapter.zip']"
2026-04-14T15:47:54 DEBUG [1361548] - vcopsPakManager.returnAdapterFiles:1643 - Adapters to install:
2026-04-14T15:47:54 DEBUG [1361548] - vcopsPakManager.returnAdapterFiles:1646 -   - /storage/db/pakRepoLocal/AzureGovCloud-150/extracted/adapter.zip
2026-04-14T15:47:54 DEBUG [1361548] - vcopsPakManager.verifyAdapterFile:3429 - The adapter file: /storage/db/pakRepoLocal/AzureGovCloud-150/extracted/adapter.zip is a valid zip file
2026-04-14T15:47:54 DEBUG [1361548] - vcopsPakManager.RunPreApplyAdapters:3496 - Completed the pre apply_adapter call
2026-04-14T15:47:54 DEBUG [1361548] - vcopsPakManager.loadManifestValue:1462 - Entering load manifest value for: adapters
2026-04-14T15:47:54 DEBUG [1361548] - vcopsPakManager.loadManifestValue:1468 - Value for: adapters is: "['adapter.zip']"
2026-04-14T15:47:54 DEBUG [1361548] - vcopsPakManager.loadManifestValue:1473 - Returning key value: "['adapter.zip']"
2026-04-14T15:47:54 DEBUG [1361548] - vcopsPakManager.returnAdapterFiles:1643 - Adapters to install:
2026-04-14T15:47:54 DEBUG [1361548] - vcopsPakManager.returnAdapterFiles:1646 -   - /storage/db/pakRepoLocal/AzureGovCloud-150/extracted/adapter.zip
2026-04-14T15:47:54 DEBUG [1361548] - vcopsPakManager.installPakAdapters:3468 - Entering install pak adapters for 6.x format pak
2026-04-14T15:47:54 INFO [1361548] - vcops_pack_http_utilities.login:310 - Successfully retrieved casa token pair
2026-04-14T15:47:54 DEBUG [1361548] - vcopsPakManager.returnGetTokenRequest:2431 - Calling URL: "https://localhost/casa/security/suite-api/token/ifonline"
2026-04-14T15:47:54 DEBUG [1361548] - vcops_pack_http_utilities.runHttpRequest:428 - Code: 200 - Body: b'f9641a8c-b7a9-4ec0-8d77-adb8159bda63::80cb7239-9283-44bb-ad36-b84d4a37b8a7'
2026-04-14T15:47:54 DEBUG [1361548] - vcops_pack_http_utilities.runHttpRequest:472 - Open URL: 'https://localhost/casa/security/suite-api/token/ifonline' response code: 200
2026-04-14T15:47:54 DEBUG [1361548] - vcopsPakManager.returnGetTokenRequest:2434 - Expected response code: "200" found
2026-04-14T15:47:54 DEBUG [1361548] - vcopsPakManager.returnGetTokenRequest:2435 - Token from Suite-API: "f9641a8c-b7a9-4ec0-8d77-adb8159bda63::80cb7239-9283-44bb-ad36-b84d4a37b8a7"
2026-04-14T15:47:54 DEBUG [1361548] - vcops_pack_properties.getSuiteProperty:144 - STORAGE: '/storage'
2026-04-14T15:47:54 DEBUG [1361548] - vcopsPakManager.installPakAdapters:3470 - Construct pak filepath
2026-04-14T15:47:54 DEBUG [1361548] - vcops_pack_properties.getSuiteProperty:144 - STORAGE: '/storage'
2026-04-14T15:47:54 DEBUG [1361548] - vcopsPakManager.installPakAdapters:3472 - pakname: /storage/db/casa/pak/dist_pak_files/VA_LINUX/AzureGovCloud-150.pak
2026-04-14T15:47:54 DEBUG [1361548] - vcopsPakManager.installSolution:3438 - Installing solution: /storage/db/casa/pak/dist_pak_files/VA_LINUX/AzureGovCloud-150.pak
2026-04-14T15:47:54 DEBUG [1361548] - vcopsPakManager.makeInstallSolutionPostRequest:3283 - Calling URL: "https://localhost/suite-api/internal/solution/install", files: "solutionFile", headers: "Accept,X-vRealizeOps-API-use-unsupported,Authorization", data: "{'forceUpload': True, 'forceContentUpdate': True}"
2026-04-14T15:47:55 DEBUG [1361548] - vcopsPakManager.makeInstallSolutionPostRequest:3287 - Expected response code: "202" found
2026-04-14T15:47:55 DEBUG [1361548] - vcopsPakManager.checkResponse:3304 - Expected response code: 202
2026-04-14T15:47:55 DEBUG [1361548] - vcopsPakManager.checkResponse:3305 - Response code: 202
2026-04-14T15:47:55 DEBUG [1361548] - vcopsPakManager.checkResponse:3306 - Response body: {"taskId":"cc471017-d7ec-4c19-8a01-99863da19f2a","description":"Distributed Task Execution for SOLUTION_INSTALL","taskState":"ERROR","createdTime":1776181674986,"lastUpdateTime":1776181675096,"errorMessages":[],"links":[{"href":"/suite-api/api/tasks/cc471017-d7ec-4c19-8a01-99863da19f2a","rel":"SELF"}]}
2026-04-14T15:47:55 DEBUG [1361548] - vcopsPakManager.checkResponse:3308 - Expected response code: 202 found
2026-04-14T15:47:55 DEBUG [1361548] - vcopsPakManager.installSolution:3444 - Install Solution /storage/db/casa/pak/dist_pak_files/VA_LINUX/AzureGovCloud-150.pak task URL: https://localhost/suite-api/api/tasks/cc471017-d7ec-4c19-8a01-99863da19f2a
2026-04-14T15:47:55 DEBUG [1361548] - vcopsPakManager.checkResponse:3304 - Expected response code: 200
2026-04-14T15:47:55 DEBUG [1361548] - vcopsPakManager.checkResponse:3305 - Response code: 200
2026-04-14T15:47:55 DEBUG [1361548] - vcopsPakManager.checkResponse:3306 - Response body: {"taskId":"cc471017-d7ec-4c19-8a01-99863da19f2a","description":"Distributed Task Execution for SOLUTION_INSTALL","taskState":"ERROR","createdTime":1776181674986,"lastUpdateTime":1776181675096,"errorMessages":[],"links":[{"href":"/suite-api/api/tasks/cc471017-d7ec-4c19-8a01-99863da19f2a","rel":"SELF"}]}
2026-04-14T15:47:55 DEBUG [1361548] - vcopsPakManager.checkResponse:3308 - Expected response code: 200 found
2026-04-14T15:47:55 DEBUG [1361548] - vcopsPakManager.waitForTaskToComplete:3341 - Task state: ERROR for URL: https://localhost/suite-api/api/tasks/cc471017-d7ec-4c19-8a01-99863da19f2a
2026-04-14T15:47:55 ERROR [1361548] - vcopsPakManager.waitForTaskToComplete:3359 - job: https://localhost/suite-api/api/tasks/cc471017-d7ec-4c19-8a01-99863da19f2a failed with state: ERROR after: 0.0 seconds
2026-04-14T15:47:55 DEBUG [1361548] - vcopsPakManager.installSolution:3450 - The solution file: /storage/db/casa/pak/dist_pak_files/VA_LINUX/AzureGovCloud-150.pak failed to install, exiting
2026-04-14T15:47:55 DEBUG [1361548] - vcopsPakManager.HandleError:610 - Resource result is set
2026-04-14T15:47:55 DEBUG [1361548] - vcopsPakManager.UpdateResultsFile:531 - Entering update the results file with the result: "Failed to install solution", exit code: "1", action: "apply_adapter"
2026-04-14T15:47:55 DEBUG [1361548] - vcopsPakManager.UpdateResultsFile:538 - The results file: "/storage/db/pakRepoLocal/AzureGovCloud-150/AzureGovCloud-150.results" exists
2026-04-14T15:47:55 DEBUG [1361548] - vcopsPakManager.loadResultValue:438 - Entering load result value for: apply_adapter_exit_code
2026-04-14T15:47:55 DEBUG [1361548] - vcopsPakManager.LoadResultsFile:421 - Entering load results file
2026-04-14T15:47:55 DEBUG [1361548] - vcopsPakManager.VerifyPakResultFileExists:368 - Verify the Pak file result file: exists
2026-04-14T15:47:55 DEBUG [1361548] - vcopsPakManager.VerifyPakResultFileExists:370 - The results file: "/storage/db/pakRepoLocal/AzureGovCloud-150/AzureGovCloud-150.results" exists
2026-04-14T15:47:55 DEBUG [1361548] - vcopsPakManagerCommon.LoadJsonDocument:207 - Loaded Json file: "/storage/db/pakRepoLocal/AzureGovCloud-150/AzureGovCloud-150.results"
2026-04-14T15:47:55 DEBUG [1361548] - vc_ops_logging.logDebug:266 - Locale language code: "en", territory code: "US"
2026-04-14T15:47:55 DEBUG [1361548] - vc_ops_logging.logDebug:266 - Checking resource file: "/storage/db/pakRepoLocal/AzureGovCloud-150/eula_en_US.txt"
2026-04-14T15:47:55 INFO [1361548] - vc_ops_logging.logInfo:271 - Resource file: "/storage/db/pakRepoLocal/AzureGovCloud-150/eula_en_US.txt" does not exist
2026-04-14T15:47:55 DEBUG [1361548] - vc_ops_logging.logDebug:266 - Checking resource file: "/storage/db/pakRepoLocal/AzureGovCloud-150/eula_en.txt"
2026-04-14T15:47:55 INFO [1361548] - vc_ops_logging.logInfo:271 - Resource file: "/storage/db/pakRepoLocal/AzureGovCloud-150/eula_en.txt" does not exist
2026-04-14T15:47:55 DEBUG [1361548] - vc_ops_logging.logDebug:266 - Checking resource file: "/storage/db/pakRepoLocal/AzureGovCloud-150/eula.txt"
2026-04-14T15:47:55 DEBUG [1361548] - vc_ops_logging.logDebug:266 - Resource file: "/storage/db/pakRepoLocal/AzureGovCloud-150/eula.txt" exists, use it
2026-04-14T15:47:55 DEBUG [1361548] - vc_ops_logging.logDebug:266 - Return resource file: "/storage/db/pakRepoLocal/AzureGovCloud-150/eula.txt"
2026-04-14T15:47:55 DEBUG [1361548] - vcopsPakManager.populateLocalizableFileinResultsFile:405 - localizedFile = eula.txt
2026-04-14T15:47:55 DEBUG [1361548] - vcopsPakManager.populateLocalizableFileinResultsFile:411 - No file: 'release_info_file'
2026-04-14T15:47:55 DEBUG [1361548] - vcopsPakManager.loadResultValue:442 - Value for: apply_adapter_exit_code is: ""
2026-04-14T15:47:55 DEBUG [1361548] - vcopsPakManager.loadResultValue:447 - Returning key value: ""
2026-04-14T15:47:55 DEBUG [1361548] - vcopsPakManager.UpdateResultsFile:545 - Updating the results file action: apply_adapter with the value: Failed to install solution
2026-04-14T15:47:55 DEBUG [1361548] - vcopsPakManager.UpdateResultsFile:560 - Skip adding the argument to the results as it is not set
2026-04-14T15:47:55 DEBUG [1361548] - vcopsPakManager.UpdateResultsFile:568 - Skip updating the action log file
2026-04-14T15:47:55 DEBUG [1361548] - vcopsPakManager.UpdateResultsFile:572 - Skip updating the action error log file
2026-04-14T15:47:55 DEBUG [1361548] - vcopsPakManager.CreateResultsFile:477 - Create the results file: /storage/db/pakRepoLocal/AzureGovCloud-150/AzureGovCloud-150.results if it does not already exist
2026-04-14T15:47:55 DEBUG [1361548] - vcopsPakManager.CreateResultsFile:479 - The results file already exists
2026-04-14T15:47:55 DEBUG [1361548] - vcopsPakManager.LoadResultsFile:421 - Entering load results file
2026-04-14T15:47:55 DEBUG [1361548] - vcopsPakManager.VerifyPakResultFileExists:368 - Verify the Pak file result file: exists
2026-04-14T15:47:55 DEBUG [1361548] - vcopsPakManager.VerifyPakResultFileExists:370 - The results file: "/storage/db/pakRepoLocal/AzureGovCloud-150/AzureGovCloud-150.results" exists
2026-04-14T15:47:55 DEBUG [1361548] - vcopsPakManagerCommon.LoadJsonDocument:207 - Loaded Json file: "/storage/db/pakRepoLocal/AzureGovCloud-150/AzureGovCloud-150.results"
2026-04-14T15:47:55 DEBUG [1361548] - vc_ops_logging.logDebug:266 - Locale language code: "en", territory code: "US"
2026-04-14T15:47:55 DEBUG [1361548] - vc_ops_logging.logDebug:266 - Checking resource file: "/storage/db/pakRepoLocal/AzureGovCloud-150/eula_en_US.txt"
2026-04-14T15:47:55 INFO [1361548] - vc_ops_logging.logInfo:271 - Resource file: "/storage/db/pakRepoLocal/AzureGovCloud-150/eula_en_US.txt" does not exist
2026-04-14T15:47:55 DEBUG [1361548] - vc_ops_logging.logDebug:266 - Checking resource file: "/storage/db/pakRepoLocal/AzureGovCloud-150/eula_en.txt"
2026-04-14T15:47:55 INFO [1361548] - vc_ops_logging.logInfo:271 - Resource file: "/storage/db/pakRepoLocal/AzureGovCloud-150/eula_en.txt" does not exist
2026-04-14T15:47:55 DEBUG [1361548] - vc_ops_logging.logDebug:266 - Checking resource file: "/storage/db/pakRepoLocal/AzureGovCloud-150/eula.txt"
2026-04-14T15:47:55 DEBUG [1361548] - vc_ops_logging.logDebug:266 - Resource file: "/storage/db/pakRepoLocal/AzureGovCloud-150/eula.txt" exists, use it
2026-04-14T15:47:55 DEBUG [1361548] - vc_ops_logging.logDebug:266 - Return resource file: "/storage/db/pakRepoLocal/AzureGovCloud-150/eula.txt"
2026-04-14T15:47:55 DEBUG [1361548] - vcopsPakManager.populateLocalizableFileinResultsFile:405 - localizedFile = eula.txt
2026-04-14T15:47:55 DEBUG [1361548] - vcopsPakManager.populateLocalizableFileinResultsFile:411 - No file: 'release_info_file'
2026-04-14T15:47:55 DEBUG [1361548] - vcopsPakManager.UpdatePakRepoLocalHistoryFile:504 - Entering load history file
2026-04-14T15:47:55 DEBUG [1361548] - vcopsPakManager.UpdatePakRepoLocalHistoryFile:506 - The history file: "/storage/db/pakRepoLocal/vcopsPakManagerCommonHistory.json" exists
2026-04-14T15:47:55 DEBUG [1361548] - vcopsPakManagerCommon.LoadJsonDocument:207 - Loaded Json file: "/storage/db/pakRepoLocal/vcopsPakManagerCommonHistory.json"
2026-04-14T15:47:55 DEBUG [1361548] - vcopsPakManager.HandleError:618 - Showing resource result info
2026-04-14T15:47:55 DEBUG [1361548] - vc_ops_logging.logDebug:266 - Locale language code: "en", territory code: "US"
2026-04-14T15:47:55 DEBUG [1361548] - vc_ops_logging.logDebug:266 - Checking resource file: "/usr/lib/vmware-vcopssuite/utilities/pakManager/resources/resources_en_US.properties"
2026-04-14T15:47:55 INFO [1361548] - vc_ops_logging.logInfo:271 - Resource file: "/usr/lib/vmware-vcopssuite/utilities/pakManager/resources/resources_en_US.properties" does not exist
2026-04-14T15:47:55 DEBUG [1361548] - vc_ops_logging.logDebug:266 - Checking resource file: "/usr/lib/vmware-vcopssuite/utilities/pakManager/resources/resources_en.properties"
2026-04-14T15:47:55 INFO [1361548] - vc_ops_logging.logInfo:271 - Resource file: "/usr/lib/vmware-vcopssuite/utilities/pakManager/resources/resources_en.properties" does not exist
2026-04-14T15:47:55 DEBUG [1361548] - vc_ops_logging.logDebug:266 - Checking resource file: "/usr/lib/vmware-vcopssuite/utilities/pakManager/resources/resources.properties"
2026-04-14T15:47:55 DEBUG [1361548] - vc_ops_logging.logDebug:266 - Resource file: "/usr/lib/vmware-vcopssuite/utilities/pakManager/resources/resources.properties" exists, use it
2026-04-14T15:47:55 DEBUG [1361548] - vc_ops_logging.logDebug:266 - Return resource file: "/usr/lib/vmware-vcopssuite/utilities/pakManager/resources/resources.properties"
2026-04-14T15:47:55 DEBUG [1361548] - vc_ops_logging.logDebug:266 - Key: "pak_manager.adapter_install_failed" value is: "Adapter install failed"
2026-04-14T15:47:55 ERROR [1361548] - vcopsPakManager.HandleError:630 - Exiting with exit code: 1, message: The solution file: /storage/db/casa/pak/dist_pak_files/VA_LINUX/AzureGovCloud-150.pak failed to install, exiting--exiting
