2026-04-14T15:48:00 DEBUG [1361660] - vcopsPakManager.__init__:1700 - Added env variable: 'STORAGE_DB_VCOPS' = '/storage/db/vcops'
2026-04-14T15:48:00 DEBUG [1361660] - vcopsPakManager.__init__:1700 - Added env variable: 'VMWARE_JAVA_HOME' = '/usr/java/default'
2026-04-14T15:48:00 DEBUG [1361660] - vcopsPakManager.__init__:1700 - Added env variable: 'VMWARE_PYTHON_BIN' = '/usr/bin/python'
2026-04-14T15:48:00 DEBUG [1361660] - vcopsPakManager.__init__:1700 - Added env variable: 'VMWARE_PYTHON_3_BIN' = '/usr/bin/python'
2026-04-14T15:48:00 DEBUG [1361660] - vcopsPakManager.__init__:1700 - Added env variable: 'VMWARE_TCROOT' = '/usr/share/tomcat'
2026-04-14T15:48:00 DEBUG [1361660] - vcopsPakManager.__init__:1700 - Added env variable: 'STORAGE_CORE_VCOPS' = '/storage/core'
2026-04-14T15:48:00 DEBUG [1361660] - vcopsPakManager.__init__:1700 - Added env variable: 'VMWARE_VPOSTGRES_ROOT' = '/opt/vmware/vpostgres/current'
2026-04-14T15:48:00 DEBUG [1361660] - vcopsPakManager.__init__:1700 - Added env variable: 'VCOPS_TEMP' = '/storage/db/tmp'
2026-04-14T15:48:00 DEBUG [1361660] - vcopsPakManager.__init__:1700 - Added env variable: 'VCOPS_USER' = 'admin'
2026-04-14T15:48:00 DEBUG [1361660] - vcopsPakManager.__init__:1700 - Added env variable: 'VCOPS_GROUP' = 'admin'
2026-04-14T15:48:00 DEBUG [1361660] - vcopsPakManager.__init__:1700 - Added env variable: 'PAGER' = 'cat'
2026-04-14T15:48:00 DEBUG [1361660] - vcopsPakManager.__init__:1700 - Added env variable: 'CASSANDRA_CONF' = '/usr/lib/vmware-vcops/user/conf/cassandra'
2026-04-14T15:48:00 DEBUG [1361660] - vcopsPakManager.__init__:1700 - Added env variable: 'PGSSLCERT' = '/storage/vcops/user/conf/ssl/postgres_vcops_cert.pem'
2026-04-14T15:48:00 DEBUG [1361660] - vcopsPakManager.__init__:1700 - Added env variable: 'PGSSLKEY' = '/storage/vcops/user/conf/ssl/postgres_vcops_key.pem'
2026-04-14T15:48:00 DEBUG [1361660] - vcopsPakManager.verifyPakRepoLocalExists:1718 - Verify the Pak Repo Local directory: "/storage/db/pakRepoLocal/AzureGovCloud-150" exists
2026-04-14T15:48:00 DEBUG [1361660] - vcopsPakManager.verifyPakRepoLocalExists:1720 - The Pak repo local location: "/storage/db/pakRepoLocal/AzureGovCloud-150" exists
2026-04-14T15:48:00 DEBUG [1361660] - vcopsPakManager.LoadResultsFile:421 - Entering load results file
2026-04-14T15:48:00 DEBUG [1361660] - vcopsPakManager.VerifyPakResultFileExists:368 - Verify the Pak file result file: exists
2026-04-14T15:48:00 DEBUG [1361660] - vcopsPakManager.VerifyPakResultFileExists:370 - The results file: "/storage/db/pakRepoLocal/AzureGovCloud-150/AzureGovCloud-150.results" exists
2026-04-14T15:48:00 DEBUG [1361660] - vcopsPakManagerCommon.LoadJsonDocument:207 - Loaded Json file: "/storage/db/pakRepoLocal/AzureGovCloud-150/AzureGovCloud-150.results"
2026-04-14T15:48:00 DEBUG [1361660] - vc_ops_logging.logDebug:266 - Locale language code: "en", territory code: "US"
2026-04-14T15:48:00 DEBUG [1361660] - vc_ops_logging.logDebug:266 - Checking resource file: "/storage/db/pakRepoLocal/AzureGovCloud-150/eula_en_US.txt"
2026-04-14T15:48:00 INFO [1361660] - vc_ops_logging.logInfo:271 - Resource file: "/storage/db/pakRepoLocal/AzureGovCloud-150/eula_en_US.txt" does not exist
2026-04-14T15:48:00 DEBUG [1361660] - vc_ops_logging.logDebug:266 - Checking resource file: "/storage/db/pakRepoLocal/AzureGovCloud-150/eula_en.txt"
2026-04-14T15:48:00 INFO [1361660] - vc_ops_logging.logInfo:271 - Resource file: "/storage/db/pakRepoLocal/AzureGovCloud-150/eula_en.txt" does not exist
2026-04-14T15:48:00 DEBUG [1361660] - vc_ops_logging.logDebug:266 - Checking resource file: "/storage/db/pakRepoLocal/AzureGovCloud-150/eula.txt"
2026-04-14T15:48:00 DEBUG [1361660] - vc_ops_logging.logDebug:266 - Resource file: "/storage/db/pakRepoLocal/AzureGovCloud-150/eula.txt" exists, use it
2026-04-14T15:48:00 DEBUG [1361660] - vc_ops_logging.logDebug:266 - Return resource file: "/storage/db/pakRepoLocal/AzureGovCloud-150/eula.txt"
2026-04-14T15:48:00 DEBUG [1361660] - vcopsPakManager.populateLocalizableFileinResultsFile:405 - localizedFile = eula.txt
2026-04-14T15:48:00 DEBUG [1361660] - vcopsPakManager.populateLocalizableFileinResultsFile:411 - No file: 'release_info_file'
2026-04-14T15:48:00 DEBUG [1361660] - vcopsPakManager.QueryPakStatus:3561 - Entering Query Pak Status
2026-04-14T15:48:00 DEBUG [1361660] - vcopsPakManager.QueryPakStatus:3593 - Query Status Result: {
    "apply_adapter_exit_code": "1",
    "apply_adapter_post_script_exit_code": "",
    "apply_adapter_post_script_result": "no results",
    "apply_adapter_post_uninstall_script_exit_code": "",
    "apply_adapter_post_uninstall_script_result": "no results",
    "apply_adapter_pre_script_exit_code": "0",
    "apply_adapter_pre_script_result": "Completed successfully-no script to run",
    "apply_adapter_pre_uninstall_script_exit_code": "",
    "apply_adapter_pre_uninstall_script_result": "no results",
    "apply_adapter_result": "Failed to install solution",
    "apply_os_update_exit_code": "",
    "apply_os_update_result": "no results",
    "apply_system_update_exit_code": "",
    "apply_system_update_result": "no results",
    "certs_renew_exit_code": "",
    "certs_renew_result": "no results",
    "cleanup_exit_code": "",
    "cleanup_result": "no results",
    "contains_adapter": true,
    "contains_os_update": false,
    "contains_post_script": false,
    "contains_post_uninstall_script": false,
    "contains_pre_script": false,
    "contains_pre_uninstall_script": false,
    "contains_system_update": false,
    "deploy_new_upgrade_content_exit_code": "",
    "deploy_new_upgrade_content_result": "no results",
    "eula_file": "eula.txt",
    "eula_file_localized": "eula.txt",
    "manifest_file": "manifest.txt",
    "new_validate_exit_code": "0",
    "new_validate_result": "Completed successfully-no script to run",
    "pak_format": "6.x",
    "pak_icon": "icon.png",
    "pak_root_dir": "/storage/db/pakRepoLocal/AzureGovCloud-150",
    "pre_apply_system_update_exit_code": "",
    "pre_apply_system_update_result": "no results",
    "resource_arguments": [],
    "resource_directory": "/usr/lib/vmware-vcopssuite/utilities/pakManager/resources",
    "resource_message_key": "pak_manager.adapter_install_failed",
    "stage_exit_code": "0",
    "stage_result": "Completed successfully",
    "uninstall_adapter_exit_code": "",
    "uninstall_adapter_result": "no results",
    "validate_exit_code": "0",
    "validate_result": "Completed successfully-no script to run"
}
2026-04-14T15:48:00 DEBUG [1361670] - vcopsPakManager.read_arguments:4159 - Input params:
2026-04-14T15:48:00 DEBUG [1361670] - vcopsPakManager.read_arguments:4160 -   - action: "query_pak_status"
2026-04-14T15:48:00 DEBUG [1361670] - vcopsPakManager.read_arguments:4161 -   - pakFile: "AzureGovCloud-150"
2026-04-14T15:48:00 DEBUG [1361670] - vcopsPakManager.read_arguments:4162 -   - locale: "None"
2026-04-14T15:48:00 DEBUG [1361670] - vcopsPakManager.read_arguments:4163 -   - Remove History Action: "None"
2026-04-14T15:48:00 DEBUG [1361670] - vcopsPakManager.read_arguments:4164 -   - Remove Pak Action: False
2026-04-14T15:48:00 DEBUG [1361670] - vcopsPakManager.read_arguments:4165 -   - Skip: False
2026-04-14T15:48:00 DEBUG [1361670] - vcopsPakManager.read_arguments:4166 -   - Force: False
2026-04-14T15:48:00 DEBUG [1361670] - vcopsPakManager.read_arguments:4167 -   - Force content update: True
2026-04-14T15:48:00 DEBUG [1361670] - vcopsPakManager.read_arguments:4168 -   - Results action to update: "None"
2026-04-14T15:48:00 DEBUG [1361670] - vcopsPakManager.read_arguments:4169 -   - Results exit code: None
2026-04-14T15:48:00 DEBUG [1361670] - vcopsPakManager.read_arguments:4170 -   - Results exit message: "None"
2026-04-14T15:48:00 DEBUG [1361670] - vcopsPakManager.read_arguments:4171 -   - Results resource message key: "None"
2026-04-14T15:48:00 DEBUG [1361670] - vcopsPakManager.read_arguments:4172 -   - Results resource args: None
2026-04-14T15:48:00 DEBUG [1361670] - vcopsPakManager.read_arguments:4173 -   - Results resrouce dir: "None"
2026-04-14T15:48:00 DEBUG [1361670] - vcopsPakManager.read_arguments:4178 -   - Auth Token Passed: False
2026-04-14T15:48:00 DEBUG [1361670] - vcopsPakManager.main:4215 - In: query_pak_status
2026-04-14T15:48:00 DEBUG [1361670] - vcopsPakManager.returnPakFormat:1754 - Checking pak file: "AzureGovCloud-150" format
2026-04-14T15:48:00 DEBUG [1361670] - vc_ops_logging.logDebug:266 - Locale language code: "en", territory code: "US"
2026-04-14T15:48:00 DEBUG [1361670] - vc_ops_logging.logDebug:266 - Checking resource file: "/storage/db/pakRepoLocal/AzureGovCloud-150/resources/resources_en_US.properties"
2026-04-14T15:48:00 INFO [1361670] - vc_ops_logging.logInfo:271 - Resource file: "/storage/db/pakRepoLocal/AzureGovCloud-150/resources/resources_en_US.properties" does not exist
2026-04-14T15:48:00 DEBUG [1361670] - vc_ops_logging.logDebug:266 - Checking resource file: "/storage/db/pakRepoLocal/AzureGovCloud-150/resources/resources_en.properties"
2026-04-14T15:48:00 INFO [1361670] - vc_ops_logging.logInfo:271 - Resource file: "/storage/db/pakRepoLocal/AzureGovCloud-150/resources/resources_en.properties" does not exist
2026-04-14T15:48:00 DEBUG [1361670] - vc_ops_logging.logDebug:266 - Checking resource file: "/storage/db/pakRepoLocal/AzureGovCloud-150/resources/resources.properties"
2026-04-14T15:48:00 DEBUG [1361670] - vc_ops_logging.logDebug:266 - Resource file: "/storage/db/pakRepoLocal/AzureGovCloud-150/resources/resources.properties" exists, use it
2026-04-14T15:48:00 DEBUG [1361670] - vc_ops_logging.logDebug:266 - Return resource file: "/storage/db/pakRepoLocal/AzureGovCloud-150/resources/resources.properties"
2026-04-14T15:48:00 DEBUG [1361670] - vc_ops_logging.logDebug:266 - Locale language code: "en", territory code: "US"
2026-04-14T15:48:00 DEBUG [1361670] - vc_ops_logging.logDebug:266 - Checking resource file: "/storage/db/pakRepoLocal/AzureGovCloud-150/resources/resources_en_US.properties"
2026-04-14T15:48:00 INFO [1361670] - vc_ops_logging.logInfo:271 - Resource file: "/storage/db/pakRepoLocal/AzureGovCloud-150/resources/resources_en_US.properties" does not exist
2026-04-14T15:48:00 DEBUG [1361670] - vc_ops_logging.logDebug:266 - Checking resource file: "/storage/db/pakRepoLocal/AzureGovCloud-150/resources/resources_en.properties"
2026-04-14T15:48:00 INFO [1361670] - vc_ops_logging.logInfo:271 - Resource file: "/storage/db/pakRepoLocal/AzureGovCloud-150/resources/resources_en.properties" does not exist
2026-04-14T15:48:00 DEBUG [1361670] - vc_ops_logging.logDebug:266 - Checking resource file: "/storage/db/pakRepoLocal/AzureGovCloud-150/resources/resources.properties"
2026-04-14T15:48:00 DEBUG [1361670] - vc_ops_logging.logDebug:266 - Resource file: "/storage/db/pakRepoLocal/AzureGovCloud-150/resources/resources.properties" exists, use it
2026-04-14T15:48:00 DEBUG [1361670] - vc_ops_logging.logDebug:266 - Return resource file: "/storage/db/pakRepoLocal/AzureGovCloud-150/resources/resources.properties"
2026-04-14T15:48:00 DEBUG [1361670] - vcopsPakManager.loadResultValue:438 - Entering load result value for: pak_format
2026-04-14T15:48:00 DEBUG [1361670] - vcopsPakManager.LoadResultsFile:421 - Entering load results file
2026-04-14T15:48:00 DEBUG [1361670] - vcopsPakManager.VerifyPakResultFileExists:368 - Verify the Pak file result file: exists
2026-04-14T15:48:00 DEBUG [1361670] - vcopsPakManager.VerifyPakResultFileExists:370 - The results file: "/storage/db/pakRepoLocal/AzureGovCloud-150/AzureGovCloud-150.results" exists
2026-04-14T15:48:00 DEBUG [1361670] - vcopsPakManagerCommon.LoadJsonDocument:207 - Loaded Json file: "/storage/db/pakRepoLocal/AzureGovCloud-150/AzureGovCloud-150.results"
2026-04-14T15:48:00 DEBUG [1361670] - vcopsPakManager.populateLocalizableFileinResultsFile:411 - No file: 'QueryPakStatus' object has no attribute 'pakName'
2026-04-14T15:48:00 DEBUG [1361670] - vcopsPakManager.populateLocalizableFileinResultsFile:411 - No file: 'release_info_file'
2026-04-14T15:48:00 DEBUG [1361670] - vcopsPakManager.loadResultValue:442 - Value for: pak_format is: "6.x"
2026-04-14T15:48:00 DEBUG [1361670] - vcopsPakManager.loadResultValue:447 - Returning key value: "6.x"
2026-04-14T15:48:00 DEBUG [1361670] - vcopsPakManager.returnPakFormat:1759 - The results file pak format is: "6.x"
2026-04-14T15:48:00 DEBUG [1361670] - vc_ops_logging.logDebug:266 - Locale language code: "en", territory code: "US"
2026-04-14T15:48:00 DEBUG [1361670] - vc_ops_logging.logDebug:266 - Checking resource file: "/storage/db/pakRepoLocal/AzureGovCloud-150/resources/resources_en_US.properties"
2026-04-14T15:48:00 INFO [1361670] - vc_ops_logging.logInfo:271 - Resource file: "/storage/db/pakRepoLocal/AzureGovCloud-150/resources/resources_en_US.properties" does not exist
2026-04-14T15:48:00 DEBUG [1361670] - vc_ops_logging.logDebug:266 - Checking resource file: "/storage/db/pakRepoLocal/AzureGovCloud-150/resources/resources_en.properties"
2026-04-14T15:48:00 INFO [1361670] - vc_ops_logging.logInfo:271 - Resource file: "/storage/db/pakRepoLocal/AzureGovCloud-150/resources/resources_en.properties" does not exist
2026-04-14T15:48:00 DEBUG [1361670] - vc_ops_logging.logDebug:266 - Checking resource file: "/storage/db/pakRepoLocal/AzureGovCloud-150/resources/resources.properties"
2026-04-14T15:48:00 DEBUG [1361670] - vc_ops_logging.logDebug:266 - Resource file: "/storage/db/pakRepoLocal/AzureGovCloud-150/resources/resources.properties" exists, use it
2026-04-14T15:48:00 DEBUG [1361670] - vc_ops_logging.logDebug:266 - Return resource file: "/storage/db/pakRepoLocal/AzureGovCloud-150/resources/resources.properties"
2026-04-14T15:48:00 DEBUG [1361670] - vcopsPakManager.__init__:1700 - Added env variable: 'ALIVE_BASE' = '/usr/lib/vmware-vcops'
2026-04-14T15:48:00 DEBUG [1361670] - vcopsPakManager.__init__:1700 - Added env variable: 'VCOPS_BASE' = '/usr/lib/vmware-vcops'
2026-04-14T15:48:00 DEBUG [1361670] - vcopsPakManager.__init__:1700 - Added env variable: 'GEMFIRE_HOME' = '/usr/lib/vmware-vcops/gemfire'
2026-04-14T15:48:00 DEBUG [1361670] - vcopsPakManager.__init__:1700 - Added env variable: 'JRE_HOME' = '/usr/java/default'
2026-04-14T15:48:00 DEBUG [1361670] - vcopsPakManager.__init__:1700 - Added env variable: 'VCOPS_DATA' = '/data'
2026-04-14T15:48:00 DEBUG [1361670] - vcopsPakManager.__init__:1700 - Added env variable: 'VCOPS_DATA_VCOPS' = '/data/vcops'
2026-04-14T15:48:00 DEBUG [1361670] - vcopsPakManager.__init__:1700 - Added env variable: 'STORAGE' = '/storage'
2026-04-14T15:48:00 DEBUG [1361670] - vcopsPakManager.__init__:1700 - Added env variable: 'STORAGE_LOG_VCOPS' = '/storage/log/vcops'
2026-04-14T15:48:00 DEBUG [1361670] - vcopsPakManager.__init__:1700 - Added env variable: 'STORAGE_DB_VCOPS' = '/storage/db/vcops'
2026-04-14T15:48:00 DEBUG [1361670] - vcopsPakManager.__init__:1700 - Added env variable: 'VMWARE_JAVA_HOME' = '/usr/java/default'
2026-04-14T15:48:00 DEBUG [1361670] - vcopsPakManager.__init__:1700 - Added env variable: 'VMWARE_PYTHON_BIN' = '/usr/bin/python'
2026-04-14T15:48:00 DEBUG [1361670] - vcopsPakManager.__init__:1700 - Added env variable: 'VMWARE_PYTHON_3_BIN' = '/usr/bin/python'
2026-04-14T15:48:00 DEBUG [1361670] - vcopsPakManager.__init__:1700 - Added env variable: 'VMWARE_TCROOT' = '/usr/share/tomcat'
2026-04-14T15:48:00 DEBUG [1361670] - vcopsPakManager.__init__:1700 - Added env variable: 'STORAGE_CORE_VCOPS' = '/storage/core'
2026-04-14T15:48:00 DEBUG [1361670] - vcopsPakManager.__init__:1700 - Added env variable: 'VMWARE_VPOSTGRES_ROOT' = '/opt/vmware/vpostgres/current'
2026-04-14T15:48:00 DEBUG [1361670] - vcopsPakManager.__init__:1700 - Added env variable: 'VCOPS_TEMP' = '/storage/db/tmp'
2026-04-14T15:48:00 DEBUG [1361670] - vcopsPakManager.__init__:1700 - Added env variable: 'VCOPS_USER' = 'admin'
2026-04-14T15:48:00 DEBUG [1361670] - vcopsPakManager.__init__:1700 - Added env variable: 'VCOPS_GROUP' = 'admin'
2026-04-14T15:48:00 DEBUG [1361670] - vcopsPakManager.__init__:1700 - Added env variable: 'PAGER' = 'cat'
2026-04-14T15:48:00 DEBUG [1361670] - vcopsPakManager.__init__:1700 - Added env variable: 'CASSANDRA_CONF' = '/usr/lib/vmware-vcops/user/conf/cassandra'
2026-04-14T15:48:00 DEBUG [1361670] - vcopsPakManager.__init__:1700 - Added env variable: 'PGSSLCERT' = '/storage/vcops/user/conf/ssl/postgres_vcops_cert.pem'
2026-04-14T15:48:00 DEBUG [1361670] - vcopsPakManager.__init__:1700 - Added env variable: 'PGSSLKEY' = '/storage/vcops/user/conf/ssl/postgres_vcops_key.pem'
2026-04-14T15:48:00 DEBUG [1361670] - vcopsPakManager.verifyPakRepoLocalExists:1718 - Verify the Pak Repo Local directory: "/storage/db/pakRepoLocal/AzureGovCloud-150" exists
2026-04-14T15:48:00 DEBUG [1361670] - vcopsPakManager.verifyPakRepoLocalExists:1720 - The Pak repo local location: "/storage/db/pakRepoLocal/AzureGovCloud-150" exists
2026-04-14T15:48:00 DEBUG [1361670] - vcopsPakManager.LoadResultsFile:421 - Entering load results file
2026-04-14T15:48:00 DEBUG [1361670] - vcopsPakManager.VerifyPakResultFileExists:368 - Verify the Pak file result file: exists
2026-04-14T15:48:00 DEBUG [1361670] - vcopsPakManager.VerifyPakResultFileExists:370 - The results file: "/storage/db/pakRepoLocal/AzureGovCloud-150/AzureGovCloud-150.results" exists
2026-04-14T15:48:00 DEBUG [1361670] - vcopsPakManagerCommon.LoadJsonDocument:207 - Loaded Json file: "/storage/db/pakRepoLocal/AzureGovCloud-150/AzureGovCloud-150.results"
2026-04-14T15:48:00 DEBUG [1361670] - vc_ops_logging.logDebug:266 - Locale language code: "en", territory code: "US"
2026-04-14T15:48:00 DEBUG [1361670] - vc_ops_logging.logDebug:266 - Checking resource file: "/storage/db/pakRepoLocal/AzureGovCloud-150/eula_en_US.txt"
2026-04-14T15:48:00 INFO [1361670] - vc_ops_logging.logInfo:271 - Resource file: "/storage/db/pakRepoLocal/AzureGovCloud-150/eula_en_US.txt" does not exist
2026-04-14T15:48:00 DEBUG [1361670] - vc_ops_logging.logDebug:266 - Checking resource file: "/storage/db/pakRepoLocal/AzureGovCloud-150/eula_en.txt"
2026-04-14T15:48:00 INFO [1361670] - vc_ops_logging.logInfo:271 - Resource file: "/storage/db/pakRepoLocal/AzureGovCloud-150/eula_en.txt" does not exist
2026-04-14T15:48:00 DEBUG [1361670] - vc_ops_logging.logDebug:266 - Checking resource file: "/storage/db/pakRepoLocal/AzureGovCloud-150/eula.txt"
2026-04-14T15:48:00 DEBUG [1361670] - vc_ops_logging.logDebug:266 - Resource file: "/storage/db/pakRepoLocal/AzureGovCloud-150/eula.txt" exists, use it
2026-04-14T15:48:00 DEBUG [1361670] - vc_ops_logging.logDebug:266 - Return resource file: "/storage/db/pakRepoLocal/AzureGovCloud-150/eula.txt"
2026-04-14T15:48:00 DEBUG [1361670] - vcopsPakManager.populateLocalizableFileinResultsFile:405 - localizedFile = eula.txt
2026-04-14T15:48:00 DEBUG [1361670] - vcopsPakManager.populateLocalizableFileinResultsFile:411 - No file: 'release_info_file'
2026-04-14T15:48:00 DEBUG [1361670] - vcopsPakManager.QueryPakStatus:3561 - Entering Query Pak Status
2026-04-14T15:48:00 DEBUG [1361670] - vcopsPakManager.QueryPakStatus:3593 - Query Status Result: {
    "apply_adapter_exit_code": "1",
    "apply_adapter_post_script_exit_code": "",
    "apply_adapter_post_script_result": "no results",
    "apply_adapter_post_uninstall_script_exit_code": "",
    "apply_adapter_post_uninstall_script_result": "no results",
    "apply_adapter_pre_script_exit_code": "0",
    "apply_adapter_pre_script_result": "Completed successfully-no script to run",
    "apply_adapter_pre_uninstall_script_exit_code": "",
    "apply_adapter_pre_uninstall_script_result": "no results",
    "apply_adapter_result": "Failed to install solution",
    "apply_os_update_exit_code": "",
    "apply_os_update_result": "no results",
    "apply_system_update_exit_code": "",
    "apply_system_update_result": "no results",
    "certs_renew_exit_code": "",
    "certs_renew_result": "no results",
    "cleanup_exit_code": "",
    "cleanup_result": "no results",
    "contains_adapter": true,
    "contains_os_update": false,
    "contains_post_script": false,
    "contains_post_uninstall_script": false,
    "contains_pre_script": false,
    "contains_pre_uninstall_script": false,
    "contains_system_update": false,
    "deploy_new_upgrade_content_exit_code": "",
    "deploy_new_upgrade_content_result": "no results",
    "eula_file": "eula.txt",
    "eula_file_localized": "eula.txt",
    "manifest_file": "manifest.txt",
    "new_validate_exit_code": "0",
    "new_validate_result": "Completed successfully-no script to run",
    "pak_format": "6.x",
    "pak_icon": "icon.png",
    "pak_root_dir": "/storage/db/pakRepoLocal/AzureGovCloud-150",
    "pre_apply_system_update_exit_code": "",
    "pre_apply_system_update_result": "no results",
    "resource_arguments": [],
    "resource_directory": "/usr/lib/vmware-vcopssuite/utilities/pakManager/resources",
    "resource_message_key": "pak_manager.adapter_install_failed",
    "stage_exit_code": "0",
    "stage_result": "Completed successfully",
    "uninstall_adapter_exit_code": "",
    "uninstall_adapter_result": "no results",
    "validate_exit_code": "0",
    "validate_result": "Completed successfully-no script to run"
}
