10:13:13,785 asyncio DEBUG Using proactor: IocpProactor
10:13:13,786 docker.utils.config DEBUG Trying paths: ['C:\\Users\\mille\\.docker\\config.json', 'C:\\Users\\mille\\.dockercfg']
10:13:13,786 docker.utils.config DEBUG Found file at path: C:\Users\mille\.docker\config.json
10:13:13,786 docker.auth DEBUG Found 'auths' section
10:13:13,787 docker.auth DEBUG Auth data for docker.io is absent. Client might be using a credentials store instead.
10:13:13,787 docker.auth DEBUG Auth data for https://index.docker.io/v1/ is absent. Client might be using a credentials store instead.
10:13:13,787 docker.auth DEBUG Found 'credsStore' section
10:13:13,797 urllib3.connectionpool DEBUG http://localhost:None "GET /version HTTP/1.1" 200 None
10:13:13,798 docker.utils.config DEBUG Trying paths: ['C:\\Users\\mille\\.docker\\config.json', 'C:\\Users\\mille\\.dockercfg']
10:13:13,799 docker.utils.config DEBUG Found file at path: C:\Users\mille\.docker\config.json
10:13:13,800 docker.auth DEBUG Found 'auths' section
10:13:13,800 docker.auth DEBUG Auth data for docker.io is absent. Client might be using a credentials store instead.
10:13:13,803 docker.auth DEBUG Auth data for https://index.docker.io/v1/ is absent. Client might be using a credentials store instead.
10:13:13,803 docker.auth DEBUG Found 'credsStore' section
10:13:13,810 asyncio DEBUG Using proactor: IocpProactor
10:13:13,836 urllib3.connectionpool DEBUG http://localhost:None "GET /version HTTP/1.1" 200 None
10:13:14,79 urllib3.connectionpool DEBUG http://localhost:None "GET /v1.54/images/base-adapter:python-1.2.0/json HTTP/1.1" 200 None
10:13:14,212 docker.api.build DEBUG Looking for auth config
10:13:14,256 docker.auth DEBUG Looking for auth entry for 'https://index.docker.io/v1/'
10:13:14,279 docker.auth DEBUG Looking for auth entry for 'https://dhi.io'
10:13:14,299 docker.auth DEBUG Looking for auth entry for 'https://index.docker.io/v1/'
10:13:14,318 docker.auth DEBUG Looking for auth entry for 'https://index.docker.io/v1/access-token'
10:13:14,338 docker.auth DEBUG Looking for auth entry for 'https://index.docker.io/v1/refresh-token'
10:13:14,357 docker.api.build DEBUG Sending auth config ('docker.io', 'https://index.docker.io/v1/', 'https://dhi.io', 'dhi.io', 'index.docker.io', 'https://index.docker.io/v1/access-token', 'https://index.docker.io/v1/refresh-token')
10:13:14,683 urllib3.connectionpool DEBUG http://localhost:None "POST /v1.54/build?t=azuregovcloud-test%3A1.0.0&q=False&nocache=False&rm=True&forcerm=False&pull=False&labels=%7B%22mp-test%22%3A+%221775484793.798066%22%7D HTTP/1.1" 200 None
10:13:17,949 urllib3.connectionpool DEBUG http://localhost:None "GET /v1.54/images/4170e966ba1c/json HTTP/1.1" 200 None
10:13:17,987 urllib3.connectionpool DEBUG http://localhost:None "POST /v1.54/containers/create HTTP/1.1" 201 None
10:13:17,992 urllib3.connectionpool DEBUG http://localhost:None "GET /v1.54/containers/65462f15e63b41167e33f2ee209f49cc68f9b630a60e55542dec880aa3b92249/json HTTP/1.1" 200 None
10:13:18,220 urllib3.connectionpool DEBUG http://localhost:None "POST /v1.54/containers/65462f15e63b41167e33f2ee209f49cc68f9b630a60e55542dec880aa3b92249/start HTTP/1.1" 204 0
10:13:18,657 asyncio DEBUG Using proactor: IocpProactor
10:13:19,748 httpx._client DEBUG HTTP Request: GET http://localhost:8080/apiVersion "HTTP/1.1 200 OK"
10:13:20,144 httpx._client DEBUG HTTP Request: GET http://localhost:8080/adapterDefinition "HTTP/1.1 200 OK"
10:13:20,148 vmware_aria_operations_integration_sdk.validation.describe_checks INFO Validating describe.xml
10:13:20,364 asyncio DEBUG Using proactor: IocpProactor
10:13:20,581 docker.utils.config DEBUG Trying paths: ['C:\\Users\\mille\\.docker\\config.json', 'C:\\Users\\mille\\.dockercfg']
10:13:20,582 docker.utils.config DEBUG Found file at path: C:\Users\mille\.docker\config.json
10:13:20,583 docker.auth DEBUG Found 'auths' section
10:13:20,584 docker.auth DEBUG Auth data for docker.io is absent. Client might be using a credentials store instead.
10:13:20,584 docker.auth DEBUG Auth data for https://index.docker.io/v1/ is absent. Client might be using a credentials store instead.
10:13:20,585 docker.auth DEBUG Found 'credsStore' section
10:13:20,594 urllib3.connectionpool DEBUG http://localhost:None "GET /version HTTP/1.1" 200 None
10:13:20,619 urllib3.connectionpool DEBUG http://localhost:None "GET /v1.54/images/base-adapter:python-1.2.0/json HTTP/1.1" 200 None
10:13:20,740 docker.api.build DEBUG Looking for auth config
10:13:20,763 docker.auth DEBUG Looking for auth entry for 'https://index.docker.io/v1/'
10:13:20,784 docker.auth DEBUG Looking for auth entry for 'https://dhi.io'
10:13:20,805 docker.auth DEBUG Looking for auth entry for 'https://index.docker.io/v1/'
10:13:20,825 docker.auth DEBUG Looking for auth entry for 'https://index.docker.io/v1/access-token'
10:13:20,848 docker.auth DEBUG Looking for auth entry for 'https://index.docker.io/v1/refresh-token'
10:13:20,869 docker.api.build DEBUG Sending auth config ('docker.io', 'https://index.docker.io/v1/', 'https://dhi.io', 'dhi.io', 'index.docker.io', 'https://index.docker.io/v1/access-token', 'https://index.docker.io/v1/refresh-token')
10:13:21,133 urllib3.connectionpool DEBUG http://localhost:None "POST /v1.54/build?q=False&nocache=True&rm=True&forcerm=False&pull=False HTTP/1.1" 200 None
10:13:31,129 urllib3.connectionpool DEBUG http://localhost:None "GET /v1.54/images/17ee599df5c0/json HTTP/1.1" 200 None
10:13:33,614 urllib3.connectionpool DEBUG http://localhost:None "POST /v1.54/images/sha256:17ee599df5c04f46b18c381158fe249edcf72123efe27bf682d68f01ee82ec7d/tag?tag=1.0.0_1775484813.6015797&repo=docker.io%2Fmillerdadmatt%2Fazuregovcloud-adapter&force=0 HTTP/1.1" 201 None
10:13:33,627 asyncio DEBUG Using proactor: IocpProactor
10:13:33,828 docker.auth DEBUG Looking for auth config
10:13:33,828 docker.auth DEBUG Using credentials store "desktop"
10:13:33,830 docker.auth DEBUG Looking for auth entry for 'https://index.docker.io/v1/'
10:13:33,871 docker.auth DEBUG Found auth config
10:13:33,874 urllib3.connectionpool DEBUG http://localhost:None "POST /v1.54/images/docker.io/millerdadmatt/azuregovcloud-adapter/push?tag=1.0.0_1775484813.6015797 HTTP/1.1" 200 None
10:13:37,955 urllib3.connectionpool DEBUG http://localhost:None "DELETE /v1.54/images/sha256:17ee599df5c04f46b18c381158fe249edcf72123efe27bf682d68f01ee82ec7d?force=True&noprune=False HTTP/1.1" 200 None
10:13:37,971 asyncio DEBUG Using proactor: IocpProactor
10:13:38,411 httpx._client DEBUG HTTP Request: GET http://localhost:8080/apiVersion "HTTP/1.1 200 OK"
10:13:39,227 urllib3.connectionpool DEBUG http://localhost:None "POST /v1.54/containers/65462f15e63b41167e33f2ee209f49cc68f9b630a60e55542dec880aa3b92249/kill HTTP/1.1" 204 0
10:13:39,243 urllib3.connectionpool DEBUG http://localhost:None "DELETE /v1.54/containers/65462f15e63b41167e33f2ee209f49cc68f9b630a60e55542dec880aa3b92249?v=False&link=False&force=False HTTP/1.1" 204 0
10:13:39,311 urllib3.connectionpool DEBUG http://localhost:None "POST /v1.54/images/prune?filters=%7B%22label%22%3A+%5B%22mp-test%22%5D%7D HTTP/1.1" 200 None
